#
# A fatal error has been detected by the Java Runtime Environment:
#
#  SIGSEGV (0xb) at pc=0x00007fe4d9b164e9, pid=4131, tid=0x00007fe4b1d1d700
#
# JRE version: Java(TM) SE Runtime Environment (8.0_201-b09) (build 1.8.0_201-b09)
# Java VM: Java HotSpot(TM) 64-Bit Server VM (25.201-b09 mixed mode linux-amd64 compressed oops)
# Problematic frame:
# V  [libjvm.so+0x9164e9]  os::PlatformEvent::unpark()+0x9
#
# Failed to write core dump. Core dumps have been disabled. To enable core dumping, try "ulimit -c unlimited" before starting Java again
#
# If you would like to submit a bug report, please visit:
#   http://bugreport.java.com/bugreport/crash.jsp
# The crash happened outside the Java Virtual Machine in native code.
# See problematic frame for where to report the bug.
#

---------------  T H R E A D  ---------------

Current thread (0x00007fe46c002000):  JavaThread "localhost-startStop-2" daemon [_thread_in_native, id=24010, stack(0x00007fe4b1c1d000,0x00007fe4b1d1e000)]

siginfo: si_signo: 11 (SIGSEGV), si_code: 1 (SEGV_MAPERR), si_addr: 0x0000000000000028

Registers:
RAX=0x0000000000000001, RBX=0xffffffffffffffff, RCX=0x0000000000000022, RDX=0x0000000000000028
RSP=0x00007fe4b1d19848, RBP=0x00007fe4b1d19890, RSI=0x0000000000000048, RDI=0x0000000000000008
R8 =0x0000000014c0ad59, R9 =0x0000000000000021, R10=0x00007fe4c4d11598, R11=0x00000000dc3e7b18
R12=0x0000000000000022, R13=0x000000008354fdf6, R14=0x00007fe4d436c530, R15=0x0000000000000000
RIP=0x00007fe4d9b164e9, EFLAGS=0x0000000000010246, CSGSFS=0x002b000000000033, ERR=0x0000000000000006
  TRAPNO=0x000000000000000e

Top of Stack: (sp=0x00007fe4b1d19848)
0x00007fe4b1d19848:   00007fe4d3be4a81 00007fe400000022
0x00007fe4b1d19858:   00007fe4b1d198b0 00000000b1d19994
0x00007fe4b1d19868:   0000000000000021 00007fe46c0021f8
0x00007fe4b1d19878:   00007fe4b1d19d08 00007fe4b1d198b0
0x00007fe4b1d19888:   00007fe4d436c530 00007fe4b1d19cf0
0x00007fe4b1d19898:   00007fe4d3bd5a75 00000000857ab568
0x00007fe4b1d198a8:   0000000000000001 464e492d4154454d
0x00007fe4b1d198b8:   656369767265732f 732e6176616a2f73
0x00007fe4b1d198c8:   65766972442e6c71 0000000000002f72
0x00007fe4b1d198d8:   00007fe4c5010104 0000000000000000
0x00007fe4b1d198e8:   00007fe4b1d19898 00007fe4b1d198d9
0x00007fe4b1d198f8:   0000000800000002 00007fe4b1d19900
0x00007fe4b1d19908:   ffffffff00000000 00007fe4b1d19988
0x00007fe4b1d19918:   00007fe46c002000 00007fe4b1d199a0
0x00007fe4b1d19928:   00007fe46c0021f8 00007fe46c002000
0x00007fe4b1d19938:   00007fe46c002000 00007fe4b1d19ac0
0x00007fe4b1d19948:   00007fe4d98d0d0b 00007fe40000000d
0x00007fe4b1d19958:   00007fe464002958 00007fe4b1d199e0
0x00007fe4b1d19968:   0000003000000018 00007fe4b1d19ad0
0x00007fe4b1d19978:   00007fe4b1d199e0 00007fe46c002000
0x00007fe4b1d19988:   0000000000000000 00007fe4dac760c0
0x00007fe4b1d19998:   00000000857126a8 00007fe4da0f3de8
0x00007fe4b1d199a8:   00007fe4dac7c8e0 0000000085600390
0x00007fe4b1d199b8:   000000000000000d 00007fe4b1d19890
0x00007fe4b1d199c8:   0000003000000020 00007fe4b1d19ad0
0x00007fe4b1d199d8:   00007fe4b1d199e0 00007fe4ffffffff
0x00007fe4b1d199e8:   0000000000000073 00000008dc3e4868
0x00007fe4b1d199f8:   0000000000000007 0000000000000080
0x00007fe4b1d19a08:   00007fe464000900 00000000000000a0
0x00007fe4b1d19a18:   ffffffffffffffb0 0000000000000002
0x00007fe4b1d19a28:   0000003200000008 0000000000000000
0x00007fe4b1d19a38:   0000000000000000 0000000000000000 

Instructions: (pc=0x00007fe4d9b164e9)
0x00007fe4d9b164c9:   00 e8 41 9e bc ff e9 34 ff ff ff 66 90 66 2e 0f
0x00007fe4d9b164d9:   1f 84 00 00 00 00 00 48 8d 57 20 b8 01 00 00 00
0x00007fe4d9b164e9:   87 02 85 c0 78 09 f3 c3 0f 1f 80 00 00 00 00 55
0x00007fe4d9b164f9:   48 89 e5 41 54 4c 8d 67 28 53 48 89 fb 4c 89 e7 

Register to memory mapping:

RAX=0x0000000000000001 is an unknown value
RBX=0xffffffffffffffff is an unknown value
RCX=0x0000000000000022 is an unknown value
RDX=0x0000000000000028 is an unknown value
RSP=0x00007fe4b1d19848 is pointing into the stack for thread: 0x00007fe46c002000
RBP=0x00007fe4b1d19890 is pointing into the stack for thread: 0x00007fe46c002000
RSI=0x0000000000000048 is an unknown value
RDI=0x0000000000000008 is an unknown value
R8 =0x0000000014c0ad59 is an unknown value
R9 =0x0000000000000021 is an unknown value
R10=0x00007fe4c4d11598 is at entry_point+88 in (nmethod*)0x00007fe4c4d113d0
R11=0x00000000dc3e7b18 is an oop

[error occurred during error reporting (printing register info), id 0xb]

Stack: [0x00007fe4b1c1d000,0x00007fe4b1d1e000],  sp=0x00007fe4b1d19848,  free space=1010k
Native frames: (J=compiled Java code, j=interpreted, Vv=VM code, C=native code)
V  [libjvm.so+0x9164e9]  os::PlatformEvent::unpark()+0x9
C  [libzip.so+0x3a75]  Java_java_util_zip_ZipFile_getEntry+0x85
J 100  java.util.zip.ZipFile.getEntry(J[BZ)J (0 bytes) @ 0x00007fe4c4d1160e [0x00007fe4c4d11540+0xce]
J 3060 C2 sun.misc.URLClassPath$JarLoader.getResource(Ljava/lang/String;Z)Lsun/misc/Resource; (85 bytes) @ 0x00007fe4c562238c [0x00007fe4c5621ee0+0x4ac]
J 844 C2 sun.misc.URLClassPath$JarLoader.findResource(Ljava/lang/String;Z)Ljava/net/URL; (18 bytes) @ 0x00007fe4c4edd694 [0x00007fe4c4edd660+0x34]
J 1604 C1 sun.misc.URLClassPath$1.next()Z (63 bytes) @ 0x00007fe4c513473c [0x00007fe4c51345e0+0x15c]
J 4177 C1 sun.misc.URLClassPath$1.hasMoreElements()Z (5 bytes) @ 0x00007fe4c5067dbc [0x00007fe4c5067d40+0x7c]
J 3983 C1 java.net.URLClassLoader$3$1.run()Ljava/lang/Object; (5 bytes) @ 0x00007fe4c4ee111c [0x00007fe4c4ee10a0+0x7c]
v  ~StubRoutines::call_stub
V  [libjvm.so+0x68825b]  JavaCalls::call_helper(JavaValue*, methodHandle*, JavaCallArguments*, Thread*)+0xddb
V  [libjvm.so+0x7004b4]  JVM_DoPrivileged+0x4f4
J 1720  java.security.AccessController.doPrivileged(Ljava/security/PrivilegedAction;Ljava/security/AccessControlContext;)Ljava/lang/Object; (0 bytes) @ 0x00007fe4c518bf15 [0x00007fe4c518be40+0xd5]
J 3973 C1 java.net.URLClassLoader$3.next()Z (73 bytes) @ 0x00007fe4c4f4855c [0x00007fe4c4f483a0+0x1bc]
J 3982 C1 java.net.URLClassLoader$3.hasMoreElements()Z (5 bytes) @ 0x00007fe4c4dc55e4 [0x00007fe4c4dc5580+0x64]
J 3088 C1 sun.misc.CompoundEnumeration.next()Z (58 bytes) @ 0x00007fe4c5602464 [0x00007fe4c56023c0+0xa4]
J 3981 C1 sun.misc.CompoundEnumeration.hasMoreElements()Z (5 bytes) @ 0x00007fe4c4f29b64 [0x00007fe4c4f29b00+0x64]
J 3088 C1 sun.misc.CompoundEnumeration.next()Z (58 bytes) @ 0x00007fe4c5602464 [0x00007fe4c56023c0+0xa4]
J 3981 C1 sun.misc.CompoundEnumeration.hasMoreElements()Z (5 bytes) @ 0x00007fe4c4f29b64 [0x00007fe4c4f29b00+0x64]
j  java.util.ServiceLoader$LazyIterator.hasNextService()Z+109
j  java.util.ServiceLoader$LazyIterator.hasNext()Z+11
j  java.util.ServiceLoader$1.hasNext()Z+21
j  java.sql.DriverManager$2.run()Ljava/lang/Void;+12
j  java.sql.DriverManager$2.run()Ljava/lang/Object;+1
v  ~StubRoutines::call_stub
V  [libjvm.so+0x68825b]  JavaCalls::call_helper(JavaValue*, methodHandle*, JavaCallArguments*, Thread*)+0xddb
V  [libjvm.so+0x7004b4]  JVM_DoPrivileged+0x4f4
J 842  java.security.AccessController.doPrivileged(Ljava/security/PrivilegedAction;)Ljava/lang/Object; (0 bytes) @ 0x00007fe4c4ed87ff [0x00007fe4c4ed8740+0xbf]
j  java.sql.DriverManager.loadInitialDrivers()V+27
j  java.sql.DriverManager.<clinit>()V+32
v  ~StubRoutines::call_stub
V  [libjvm.so+0x68825b]  JavaCalls::call_helper(JavaValue*, methodHandle*, JavaCallArguments*, Thread*)+0xddb
V  [libjvm.so+0x643f44]  InstanceKlass::call_class_initializer_impl(instanceKlassHandle, Thread*)+0x104
V  [libjvm.so+0x64432e]  InstanceKlass::initialize_impl(instanceKlassHandle, Thread*)+0x35e
V  [libjvm.so+0x644571]  InstanceKlass::initialize(Thread*)+0x51
V  [libjvm.so+0x7d4280]  LinkResolver::resolve_static_call(CallInfo&, KlassHandle&, Symbol*, Symbol*, KlassHandle, bool, bool, Thread*)+0x340
V  [libjvm.so+0x7d8b1e]  LinkResolver::resolve_invokestatic(CallInfo&, constantPoolHandle, int, Thread*)+0x26e
V  [libjvm.so+0x7db870]  LinkResolver::resolve_invoke(CallInfo&, Handle, constantPoolHandle, int, Bytecodes::Code, Thread*)+0x160
V  [libjvm.so+0x67b5d3]  InterpreterRuntime::resolve_invoke(JavaThread*, Bytecodes::Code)+0x5d3
j  org.apache.catalina.loader.JdbcLeakPrevention.clearJdbcDriverRegistrations()Ljava/util/List;+16
v  ~StubRoutines::call_stub
V  [libjvm.so+0x68825b]  JavaCalls::call_helper(JavaValue*, methodHandle*, JavaCallArguments*, Thread*)+0xddb
V  [libjvm.so+0x999f25]  Reflection::invoke(instanceKlassHandle, methodHandle, Handle, bool, objArrayHandle, BasicType, objArrayHandle, bool, Thread*)+0xb65
V  [libjvm.so+0x99b866]  Reflection::invoke_method(oopDesc*, Handle, objArrayHandle, Thread*)+0x126
V  [libjvm.so+0x6fd2b2]  JVM_InvokeMethod+0x102
J 2004  sun.reflect.NativeMethodAccessorImpl.invoke0(Ljava/lang/reflect/Method;Ljava/lang/Object;[Ljava/lang/Object;)Ljava/lang/Object; (0 bytes) @ 0x00007fe4c52a2bad [0x00007fe4c52a2ac0+0xed]
J 2003 C1 sun.reflect.NativeMethodAccessorImpl.invoke(Ljava/lang/Object;[Ljava/lang/Object;)Ljava/lang/Object; (104 bytes) @ 0x00007fe4c52a410c [0x00007fe4c52a2f80+0x118c]
J 5672 C2 java.lang.reflect.Method.invoke(Ljava/lang/Object;[Ljava/lang/Object;)Ljava/lang/Object; (62 bytes) @ 0x00007fe4c5b54d28 [0x00007fe4c5b54c80+0xa8]
j  org.apache.catalina.loader.WebappClassLoaderBase.clearReferencesJdbc()V+142
j  org.apache.catalina.loader.WebappClassLoaderBase.clearReferences()V+1
j  org.apache.catalina.loader.WebappClassLoaderBase.stop()V+8
j  org.apache.catalina.loader.WebappLoader.stopInternal()V+63
j  org.apache.catalina.util.LifecycleBase.stop()V+214
j  org.apache.catalina.core.StandardContext.stopInternal()V+281
j  org.apache.catalina.util.LifecycleBase.stop()V+214
j  org.apache.catalina.core.ContainerBase$StopChild.call()Ljava/lang/Void;+19
j  org.apache.catalina.core.ContainerBase$StopChild.call()Ljava/lang/Object;+1
j  java.util.concurrent.FutureTask.run()V+42
j  java.util.concurrent.ThreadPoolExecutor.runWorker(Ljava/util/concurrent/ThreadPoolExecutor$Worker;)V+95
j  java.util.concurrent.ThreadPoolExecutor$Worker.run()V+5
j  java.lang.Thread.run()V+11
v  ~StubRoutines::call_stub
V  [libjvm.so+0x68825b]  JavaCalls::call_helper(JavaValue*, methodHandle*, JavaCallArguments*, Thread*)+0xddb
V  [libjvm.so+0x685b23]  JavaCalls::call_virtual(JavaValue*, KlassHandle, Symbol*, Symbol*, JavaCallArguments*, Thread*)+0x263
V  [libjvm.so+0x6860e7]  JavaCalls::call_virtual(JavaValue*, Handle, KlassHandle, Symbol*, Symbol*, Thread*)+0x47
V  [libjvm.so+0x6f225c]  thread_entry(JavaThread*, Thread*)+0x6c
V  [libjvm.so+0xa7bb6b]  JavaThread::thread_main_inner()+0xdb
V  [libjvm.so+0xa7be71]  JavaThread::run()+0x2d1
V  [libjvm.so+0x90d922]  java_start(Thread*)+0x102
C  [libpthread.so.0+0x76db]  start_thread+0xdb

Java frames: (J=compiled Java code, j=interpreted, Vv=VM code)
J 100  java.util.zip.ZipFile.getEntry(J[BZ)J (0 bytes) @ 0x00007fe4c4d11598 [0x00007fe4c4d11540+0x58]
J 3060 C2 sun.misc.URLClassPath$JarLoader.getResource(Ljava/lang/String;Z)Lsun/misc/Resource; (85 bytes) @ 0x00007fe4c562238c [0x00007fe4c5621ee0+0x4ac]
J 844 C2 sun.misc.URLClassPath$JarLoader.findResource(Ljava/lang/String;Z)Ljava/net/URL; (18 bytes) @ 0x00007fe4c4edd694 [0x00007fe4c4edd660+0x34]
J 1604 C1 sun.misc.URLClassPath$1.next()Z (63 bytes) @ 0x00007fe4c513473c [0x00007fe4c51345e0+0x15c]
J 4177 C1 sun.misc.URLClassPath$1.hasMoreElements()Z (5 bytes) @ 0x00007fe4c5067dbc [0x00007fe4c5067d40+0x7c]
J 3983 C1 java.net.URLClassLoader$3$1.run()Ljava/lang/Object; (5 bytes) @ 0x00007fe4c4ee111c [0x00007fe4c4ee10a0+0x7c]
v  ~StubRoutines::call_stub
J 1720  java.security.AccessController.doPrivileged(Ljava/security/PrivilegedAction;Ljava/security/AccessControlContext;)Ljava/lang/Object; (0 bytes) @ 0x00007fe4c518bea3 [0x00007fe4c518be40+0x63]
J 3973 C1 java.net.URLClassLoader$3.next()Z (73 bytes) @ 0x00007fe4c4f4855c [0x00007fe4c4f483a0+0x1bc]
J 3982 C1 java.net.URLClassLoader$3.hasMoreElements()Z (5 bytes) @ 0x00007fe4c4dc55e4 [0x00007fe4c4dc5580+0x64]
J 3088 C1 sun.misc.CompoundEnumeration.next()Z (58 bytes) @ 0x00007fe4c5602464 [0x00007fe4c56023c0+0xa4]
J 3981 C1 sun.misc.CompoundEnumeration.hasMoreElements()Z (5 bytes) @ 0x00007fe4c4f29b64 [0x00007fe4c4f29b00+0x64]
J 3088 C1 sun.misc.CompoundEnumeration.next()Z (58 bytes) @ 0x00007fe4c5602464 [0x00007fe4c56023c0+0xa4]
J 3981 C1 sun.misc.CompoundEnumeration.hasMoreElements()Z (5 bytes) @ 0x00007fe4c4f29b64 [0x00007fe4c4f29b00+0x64]
j  java.util.ServiceLoader$LazyIterator.hasNextService()Z+109
j  java.util.ServiceLoader$LazyIterator.hasNext()Z+11
j  java.util.ServiceLoader$1.hasNext()Z+21
j  java.sql.DriverManager$2.run()Ljava/lang/Void;+12
j  java.sql.DriverManager$2.run()Ljava/lang/Object;+1
v  ~StubRoutines::call_stub
J 842  java.security.AccessController.doPrivileged(Ljava/security/PrivilegedAction;)Ljava/lang/Object; (0 bytes) @ 0x00007fe4c4ed878f [0x00007fe4c4ed8740+0x4f]
j  java.sql.DriverManager.loadInitialDrivers()V+27
j  java.sql.DriverManager.<clinit>()V+32
v  ~StubRoutines::call_stub
j  org.apache.catalina.loader.JdbcLeakPrevention.clearJdbcDriverRegistrations()Ljava/util/List;+16
v  ~StubRoutines::call_stub
J 2004  sun.reflect.NativeMethodAccessorImpl.invoke0(Ljava/lang/reflect/Method;Ljava/lang/Object;[Ljava/lang/Object;)Ljava/lang/Object; (0 bytes) @ 0x00007fe4c52a2b37 [0x00007fe4c52a2ac0+0x77]
J 2003 C1 sun.reflect.NativeMethodAccessorImpl.invoke(Ljava/lang/Object;[Ljava/lang/Object;)Ljava/lang/Object; (104 bytes) @ 0x00007fe4c52a410c [0x00007fe4c52a2f80+0x118c]
J 5672 C2 java.lang.reflect.Method.invoke(Ljava/lang/Object;[Ljava/lang/Object;)Ljava/lang/Object; (62 bytes) @ 0x00007fe4c5b54d28 [0x00007fe4c5b54c80+0xa8]
j  org.apache.catalina.loader.WebappClassLoaderBase.clearReferencesJdbc()V+142
j  org.apache.catalina.loader.WebappClassLoaderBase.clearReferences()V+1
j  org.apache.catalina.loader.WebappClassLoaderBase.stop()V+8
j  org.apache.catalina.loader.WebappLoader.stopInternal()V+63
j  org.apache.catalina.util.LifecycleBase.stop()V+214
j  org.apache.catalina.core.StandardContext.stopInternal()V+281
j  org.apache.catalina.util.LifecycleBase.stop()V+214
j  org.apache.catalina.core.ContainerBase$StopChild.call()Ljava/lang/Void;+19
j  org.apache.catalina.core.ContainerBase$StopChild.call()Ljava/lang/Object;+1
j  java.util.concurrent.FutureTask.run()V+42
j  java.util.concurrent.ThreadPoolExecutor.runWorker(Ljava/util/concurrent/ThreadPoolExecutor$Worker;)V+95
j  java.util.concurrent.ThreadPoolExecutor$Worker.run()V+5
j  java.lang.Thread.run()V+11
v  ~StubRoutines::call_stub

---------------  P R O C E S S  ---------------

Java Threads: ( => current thread )
=>0x00007fe46c002000 JavaThread "localhost-startStop-2" daemon [_thread_in_native, id=24010, stack(0x00007fe4b1c1d000,0x00007fe4b1d1e000)]
  0x00007fe480833800 JavaThread "Tomcat-startStop-2" daemon [_thread_blocked, id=24009, stack(0x00007fe4b201f000,0x00007fe4b2120000)]
  0x00007fe478287800 JavaThread "Thread-9" [_thread_blocked, id=24008, stack(0x00007fe4b8ce4000,0x00007fe4b8de5000)]
  0x00007fe494002000 JavaThread "SIGTERM handler" daemon [_thread_blocked, id=24005, stack(0x00007fe4b8be3000,0x00007fe4b8ce4000)]
  0x00007fe494001000 JavaThread "SIGINT handler" daemon [_thread_blocked, id=24003, stack(0x00007fe4b80b7000,0x00007fe4b81b8000)]
  0x00007fe4d400e000 JavaThread "DestroyJavaVM" [_thread_blocked, id=4132, stack(0x00007fe4dad21000,0x00007fe4dae21000)]
  0x00007fe4803eb800 JavaThread "http-nio-8080-AsyncTimeout" daemon [_thread_blocked, id=4250, stack(0x00007fe4b0c0d000,0x00007fe4b0d0e000)]
  0x00007fe480a1b000 JavaThread "http-nio-8080-Acceptor-0" daemon [_thread_blocked, id=4249, stack(0x00007fe4b0d0e000,0x00007fe4b0e0f000)]
  0x00007fe480a18800 JavaThread "http-nio-8080-ClientPoller-1" daemon [_thread_in_native, id=4248, stack(0x00007fe4b0e0f000,0x00007fe4b0f10000)]
  0x00007fe480a09800 JavaThread "http-nio-8080-ClientPoller-0" daemon [_thread_in_native, id=4247, stack(0x00007fe4b0f10000,0x00007fe4b1011000)]
  0x00007fe4809fa800 JavaThread "http-nio-8080-exec-10" daemon [_thread_blocked, id=4246, stack(0x00007fe4b1011000,0x00007fe4b1112000)]
  0x00007fe4809f8800 JavaThread "http-nio-8080-exec-9" daemon [_thread_blocked, id=4245, stack(0x00007fe4b1112000,0x00007fe4b1213000)]
  0x00007fe4809f7000 JavaThread "http-nio-8080-exec-8" daemon [_thread_blocked, id=4244, stack(0x00007fe4b1213000,0x00007fe4b1314000)]
  0x00007fe4809f5800 JavaThread "http-nio-8080-exec-7" daemon [_thread_blocked, id=4243, stack(0x00007fe4b1314000,0x00007fe4b1415000)]
  0x00007fe480490800 JavaThread "http-nio-8080-exec-6" daemon [_thread_blocked, id=4242, stack(0x00007fe4b1415000,0x00007fe4b1516000)]
  0x00007fe48048e800 JavaThread "http-nio-8080-exec-5" daemon [_thread_blocked, id=4241, stack(0x00007fe4b1516000,0x00007fe4b1617000)]
  0x00007fe48048c800 JavaThread "http-nio-8080-exec-4" daemon [_thread_blocked, id=4240, stack(0x00007fe4b1617000,0x00007fe4b1718000)]
  0x00007fe48048a800 JavaThread "http-nio-8080-exec-3" daemon [_thread_blocked, id=4239, stack(0x00007fe4b1718000,0x00007fe4b1819000)]
  0x00007fe480489000 JavaThread "http-nio-8080-exec-2" daemon [_thread_blocked, id=4238, stack(0x00007fe4b1819000,0x00007fe4b191a000)]
  0x00007fe4807a3000 JavaThread "http-nio-8080-exec-1" daemon [_thread_blocked, id=4237, stack(0x00007fe4b191a000,0x00007fe4b1a1b000)]
  0x00007fe4807a1000 JavaThread "NioBlockingSelector.BlockPoller-1" daemon [_thread_in_native, id=4236, stack(0x00007fe4b1b1c000,0x00007fe4b1c1d000)]
  0x00007fe480c88800 JavaThread "Live Reload Server" daemon [_thread_in_native, id=4235, stack(0x00007fe4b1a1b000,0x00007fe4b1b1c000)]
  0x00007fe480834800 JavaThread "container-0" [_thread_blocked, id=4232, stack(0x00007fe4b1f1e000,0x00007fe4b201f000)]
  0x00007fe4d40cc800 JavaThread "Service Thread" daemon [_thread_blocked, id=4154, stack(0x00007fe4b924a000,0x00007fe4b934b000)]
  0x00007fe4d40c1800 JavaThread "C1 CompilerThread2" daemon [_thread_blocked, id=4153, stack(0x00007fe4b934c000,0x00007fe4b944c000)]
  0x00007fe4d40bf800 JavaThread "C2 CompilerThread1" daemon [_thread_blocked, id=4152, stack(0x00007fe4b944d000,0x00007fe4b954d000)]
  0x00007fe4d40bc800 JavaThread "C2 CompilerThread0" daemon [_thread_blocked, id=4151, stack(0x00007fe4b954e000,0x00007fe4b964e000)]
  0x00007fe4d40bb000 JavaThread "Signal Dispatcher" daemon [_thread_blocked, id=4150, stack(0x00007fe4b964e000,0x00007fe4b974f000)]
  0x00007fe4d4088800 JavaThread "Finalizer" daemon [_thread_blocked, id=4149, stack(0x00007fe4ba11f000,0x00007fe4ba220000)]
  0x00007fe4d4086000 JavaThread "Reference Handler" daemon [_thread_blocked, id=4148, stack(0x00007fe4ba220000,0x00007fe4ba321000)]

Other Threads:
  0x00007fe4d407c800 VMThread [stack: 0x00007fe4ba322000,0x00007fe4ba422000] [id=4147]
  0x00007fe4d40cf000 WatcherThread [stack: 0x00007fe4b914a000,0x00007fe4b924a000] [id=4156]

VM state:not at safepoint (normal execution)

VM Mutex/Monitor currently owned by a thread: None

heap address: 0x0000000085600000, size: 1962 MB, Compressed Oops mode: 32-bit
Narrow klass base: 0x0000000000000000, Narrow klass shift: 3
Compressed class space size: 1073741824 Address: 0x0000000100000000

Heap:
 PSYoungGen      total 88064K, used 84215K [0x00000000d7200000, 0x00000000dd300000, 0x0000000100000000)
  eden space 87552K, 96% used [0x00000000d7200000,0x00000000dc425c20,0x00000000dc780000)
  from space 512K, 18% used [0x00000000dd280000,0x00000000dd298000,0x00000000dd300000)
  to   space 3584K, 0% used [0x00000000dcc00000,0x00000000dcc00000,0x00000000dcf80000)
 ParOldGen       total 137728K, used 40429K [0x0000000085600000, 0x000000008dc80000, 0x00000000d7200000)
  object space 137728K, 29% used [0x0000000085600000,0x0000000087d7b730,0x000000008dc80000)
 Metaspace       used 58961K, capacity 61486K, committed 61568K, reserved 1103872K
  class space    used 7585K, capacity 8032K, committed 8064K, reserved 1048576K

Card table byte_map: [0x00007fe4c443c000,0x00007fe4c4812000] byte_map_base: 0x00007fe4c4011000

Marking Bits: (ParMarkBitMap*) 0x00007fe4da1cbd80
 Begin Bits: [0x00007fe4c015b000, 0x00007fe4c2003000)
 End Bits:   [0x00007fe4c2003000, 0x00007fe4c3eab000)

Polling page: 0x00007fe4dae3b000

CodeCache: size=245760Kb used=20337Kb max_used=20368Kb free=225422Kb
 bounds [0x00007fe4c4bd2000, 0x00007fe4c5fe2000, 0x00007fe4d3bd2000]
 total_blobs=6563 nmethods=6055 adapters=420
 compilation: enabled

Compilation events (10 events):
Event: 38404,421 Thread 0x00007fe4d40c1800 7376       1       java.util.concurrent.ConcurrentHashMap$MapEntry::getValue (5 bytes)
Event: 38404,421 Thread 0x00007fe4d40c1800 nmethod 7376 0x00007fe4c5fb3e10 code [0x00007fe4c5fb3f60, 0x00007fe4c5fb4070]
Event: 38404,421 Thread 0x00007fe4d40c1800 7377       1       ch.qos.logback.classic.spi.LoggingEvent::getLevel (5 bytes)
Event: 38404,421 Thread 0x00007fe4d40c1800 nmethod 7377 0x00007fe4c5863890 code [0x00007fe4c58639e0, 0x00007fe4c5863af0]
Event: 38404,485 Thread 0x00007fe4d40c1800 7381       3       com.sun.faces.application.ApplicationInstanceFactoryMetadataMap::hasAnnotations (44 bytes)
Event: 38404,485 Thread 0x00007fe4d40c1800 nmethod 7381 0x00007fe4c5b0b290 code [0x00007fe4c5b0b440, 0x00007fe4c5b0ba78]
Event: 38404,485 Thread 0x00007fe4d40c1800 7382       3       com.sun.faces.vendor.WebContainerInjectionProvider::getAnnotatedMethodForMethodArr (326 bytes)
Event: 38404,489 Thread 0x00007fe4d40c1800 nmethod 7382 0x00007fe4c5d14d50 code [0x00007fe4c5d15380, 0x00007fe4c5d1ad78]
Event: 38404,489 Thread 0x00007fe4d40c1800 7383       3       com.sun.faces.vendor.WebContainerInjectionProvider$MethodHolder::<init> (10 bytes)
Event: 38404,489 Thread 0x00007fe4d40c1800 nmethod 7383 0x00007fe4c5fb88d0 code [0x00007fe4c5fb8a40, 0x00007fe4c5fb8c10]

GC Heap History (10 events):
Event: 35967,474 GC heap before
{Heap before GC invocations=53 (full 3):
 PSYoungGen      total 103936K, used 98400K [0x00000000d7200000, 0x00000000ddf00000, 0x0000000100000000)
  eden space 98304K, 100% used [0x00000000d7200000,0x00000000dd200000,0x00000000dd200000)
  from space 5632K, 1% used [0x00000000dd480000,0x00000000dd498000,0x00000000dda00000)
  to   space 5120K, 0% used [0x00000000dda00000,0x00000000dda00000,0x00000000ddf00000)
 ParOldGen       total 137728K, used 40429K [0x0000000085600000, 0x000000008dc80000, 0x00000000d7200000)
  object space 137728K, 29% used [0x0000000085600000,0x0000000087d7b730,0x000000008dc80000)
 Metaspace       used 58917K, capacity 61372K, committed 61568K, reserved 1103872K
  class space    used 7579K, capacity 7996K, committed 8064K, reserved 1048576K
Event: 35967,477 GC heap after
Heap after GC invocations=53 (full 3):
 PSYoungGen      total 96256K, used 64K [0x00000000d7200000, 0x00000000dda80000, 0x0000000100000000)
  eden space 95744K, 0% used [0x00000000d7200000,0x00000000d7200000,0x00000000dcf80000)
  from space 512K, 12% used [0x00000000dda00000,0x00000000dda10000,0x00000000dda80000)
  to   space 4608K, 0% used [0x00000000dd180000,0x00000000dd180000,0x00000000dd600000)
 ParOldGen       total 137728K, used 40429K [0x0000000085600000, 0x000000008dc80000, 0x00000000d7200000)
  object space 137728K, 29% used [0x0000000085600000,0x0000000087d7b730,0x000000008dc80000)
 Metaspace       used 58917K, capacity 61372K, committed 61568K, reserved 1103872K
  class space    used 7579K, capacity 7996K, committed 8064K, reserved 1048576K
}
Event: 36485,921 GC heap before
{Heap before GC invocations=54 (full 3):
 PSYoungGen      total 96256K, used 95808K [0x00000000d7200000, 0x00000000dda80000, 0x0000000100000000)
  eden space 95744K, 100% used [0x00000000d7200000,0x00000000dcf80000,0x00000000dcf80000)
  from space 512K, 12% used [0x00000000dda00000,0x00000000dda10000,0x00000000dda80000)
  to   space 4608K, 0% used [0x00000000dd180000,0x00000000dd180000,0x00000000dd600000)
 ParOldGen       total 137728K, used 40429K [0x0000000085600000, 0x000000008dc80000, 0x00000000d7200000)
  object space 137728K, 29% used [0x0000000085600000,0x0000000087d7b730,0x000000008dc80000)
 Metaspace       used 58917K, capacity 61372K, committed 61568K, reserved 1103872K
  class space    used 7579K, capacity 7996K, committed 8064K, reserved 1048576K
Event: 36485,923 GC heap after
Heap after GC invocations=54 (full 3):
 PSYoungGen      total 98304K, used 96K [0x00000000d7200000, 0x00000000dda80000, 0x0000000100000000)
  eden space 93696K, 0% used [0x00000000d7200000,0x00000000d7200000,0x00000000dcd80000)
  from space 4608K, 2% used [0x00000000dd180000,0x00000000dd198000,0x00000000dd600000)
  to   space 4608K, 0% used [0x00000000dd600000,0x00000000dd600000,0x00000000dda80000)
 ParOldGen       total 137728K, used 40429K [0x0000000085600000, 0x000000008dc80000, 0x00000000d7200000)
  object space 137728K, 29% used [0x0000000085600000,0x0000000087d7b730,0x000000008dc80000)
 Metaspace       used 58917K, capacity 61372K, committed 61568K, reserved 1103872K
  class space    used 7579K, capacity 7996K, committed 8064K, reserved 1048576K
}
Event: 36993,635 GC heap before
{Heap before GC invocations=55 (full 3):
 PSYoungGen      total 98304K, used 93792K [0x00000000d7200000, 0x00000000dda80000, 0x0000000100000000)
  eden space 93696K, 100% used [0x00000000d7200000,0x00000000dcd80000,0x00000000dcd80000)
  from space 4608K, 2% used [0x00000000dd180000,0x00000000dd198000,0x00000000dd600000)
  to   space 4608K, 0% used [0x00000000dd600000,0x00000000dd600000,0x00000000dda80000)
 ParOldGen       total 137728K, used 40429K [0x0000000085600000, 0x000000008dc80000, 0x00000000d7200000)
  object space 137728K, 29% used [0x0000000085600000,0x0000000087d7b730,0x000000008dc80000)
 Metaspace       used 58917K, capacity 61372K, committed 61568K, reserved 1103872K
  class space    used 7579K, capacity 7996K, committed 8064K, reserved 1048576K
Event: 36993,638 GC heap after
Heap after GC invocations=55 (full 3):
 PSYoungGen      total 92160K, used 96K [0x00000000d7200000, 0x00000000dd680000, 0x0000000100000000)
  eden space 91648K, 0% used [0x00000000d7200000,0x00000000d7200000,0x00000000dcb80000)
  from space 512K, 18% used [0x00000000dd600000,0x00000000dd618000,0x00000000dd680000)
  to   space 4096K, 0% used [0x00000000dce80000,0x00000000dce80000,0x00000000dd280000)
 ParOldGen       total 137728K, used 40429K [0x0000000085600000, 0x000000008dc80000, 0x00000000d7200000)
  object space 137728K, 29% used [0x0000000085600000,0x0000000087d7b730,0x000000008dc80000)
 Metaspace       used 58917K, capacity 61372K, committed 61568K, reserved 1103872K
  class space    used 7579K, capacity 7996K, committed 8064K, reserved 1048576K
}
Event: 37490,635 GC heap before
{Heap before GC invocations=56 (full 3):
 PSYoungGen      total 92160K, used 91744K [0x00000000d7200000, 0x00000000dd680000, 0x0000000100000000)
  eden space 91648K, 100% used [0x00000000d7200000,0x00000000dcb80000,0x00000000dcb80000)
  from space 512K, 18% used [0x00000000dd600000,0x00000000dd618000,0x00000000dd680000)
  to   space 4096K, 0% used [0x00000000dce80000,0x00000000dce80000,0x00000000dd280000)
 ParOldGen       total 137728K, used 40429K [0x0000000085600000, 0x000000008dc80000, 0x00000000d7200000)
  object space 137728K, 29% used [0x0000000085600000,0x0000000087d7b730,0x000000008dc80000)
 Metaspace       used 58917K, capacity 61372K, committed 61568K, reserved 1103872K
  class space    used 7579K, capacity 7996K, committed 8064K, reserved 1048576K
Event: 37490,638 GC heap after
Heap after GC invocations=56 (full 3):
 PSYoungGen      total 93696K, used 96K [0x00000000d7200000, 0x00000000dd680000, 0x0000000100000000)
  eden space 89600K, 0% used [0x00000000d7200000,0x00000000d7200000,0x00000000dc980000)
  from space 4096K, 2% used [0x00000000dce80000,0x00000000dce98000,0x00000000dd280000)
  to   space 4096K, 0% used [0x00000000dd280000,0x00000000dd280000,0x00000000dd680000)
 ParOldGen       total 137728K, used 40429K [0x0000000085600000, 0x000000008dc80000, 0x00000000d7200000)
  object space 137728K, 29% used [0x0000000085600000,0x0000000087d7b730,0x000000008dc80000)
 Metaspace       used 58917K, capacity 61372K, committed 61568K, reserved 1103872K
  class space    used 7579K, capacity 7996K, committed 8064K, reserved 1048576K
}
Event: 37976,605 GC heap before
{Heap before GC invocations=57 (full 3):
 PSYoungGen      total 93696K, used 89696K [0x00000000d7200000, 0x00000000dd680000, 0x0000000100000000)
  eden space 89600K, 100% used [0x00000000d7200000,0x00000000dc980000,0x00000000dc980000)
  from space 4096K, 2% used [0x00000000dce80000,0x00000000dce98000,0x00000000dd280000)
  to   space 4096K, 0% used [0x00000000dd280000,0x00000000dd280000,0x00000000dd680000)
 ParOldGen       total 137728K, used 40429K [0x0000000085600000, 0x000000008dc80000, 0x00000000d7200000)
  object space 137728K, 29% used [0x0000000085600000,0x0000000087d7b730,0x000000008dc80000)
 Metaspace       used 58917K, capacity 61372K, committed 61568K, reserved 1103872K
  class space    used 7579K, capacity 7996K, committed 8064K, reserved 1048576K
Event: 37976,608 GC heap after
Heap after GC invocations=57 (full 3):
 PSYoungGen      total 88064K, used 96K [0x00000000d7200000, 0x00000000dd300000, 0x0000000100000000)
  eden space 87552K, 0% used [0x00000000d7200000,0x00000000d7200000,0x00000000dc780000)
  from space 512K, 18% used [0x00000000dd280000,0x00000000dd298000,0x00000000dd300000)
  to   space 3584K, 0% used [0x00000000dcc00000,0x00000000dcc00000,0x00000000dcf80000)
 ParOldGen       total 137728K, used 40429K [0x0000000085600000, 0x000000008dc80000, 0x00000000d7200000)
  object space 137728K, 29% used [0x0000000085600000,0x0000000087d7b730,0x000000008dc80000)
 Metaspace       used 58917K, capacity 61372K, committed 61568K, reserved 1103872K
  class space    used 7579K, capacity 7996K, committed 8064K, reserved 1048576K
}

Deoptimization events (10 events):
Event: 191,633 Thread 0x00007fe48048e800 Uncommon trap: reason=bimorphic action=maybe_recompile pc=0x00007fe4c58d780c method=java.lang.Throwable.<init>(Ljava/lang/String;Ljava/lang/Throwable;)V @ 24
Event: 38404,454 Thread 0x00007fe478287800 Uncommon trap: reason=unstable_if action=reinterpret pc=0x00007fe4c4e67890 method=java.util.BitSet.get(I)Z @ 60
Event: 38404,480 Thread 0x00007fe478287800 Uncommon trap: reason=unstable_if action=reinterpret pc=0x00007fe4c5fb277c method=org.apache.catalina.mapper.MapperListener.lifecycleEvent(Lorg/apache/catalina/LifecycleEvent;)V @ 118
Event: 38404,484 Thread 0x00007fe46c002000 Uncommon trap: reason=class_check action=maybe_recompile pc=0x00007fe4c5e7aca4 method=com.sun.faces.context.ApplicationMap.get(Ljava/lang/Object;)Ljava/lang/Object; @ 14
Event: 38404,484 Thread 0x00007fe46c002000 Uncommon trap: reason=class_check action=maybe_recompile pc=0x00007fe4c5e7aca4 method=com.sun.faces.context.ApplicationMap.get(Ljava/lang/Object;)Ljava/lang/Object; @ 14
Event: 38404,484 Thread 0x00007fe46c002000 Uncommon trap: reason=class_check action=maybe_recompile pc=0x00007fe4c5e7aca4 method=com.sun.faces.context.ApplicationMap.get(Ljava/lang/Object;)Ljava/lang/Object; @ 14
Event: 38404,484 Thread 0x00007fe46c002000 Uncommon trap: reason=class_check action=maybe_recompile pc=0x00007fe4c5e7aca4 method=com.sun.faces.context.ApplicationMap.get(Ljava/lang/Object;)Ljava/lang/Object; @ 14
Event: 38404,484 Thread 0x00007fe46c002000 Uncommon trap: reason=bimorphic action=maybe_recompile pc=0x00007fe4c5ea6c8c method=com.sun.faces.application.ApplicationImpl$ReentrantLisneterInvocationGuard.getDataStructure(Ljavax/faces/context/FacesContext;)Ljava/util/Map; @ 3
Event: 38404,484 Thread 0x00007fe46c002000 Uncommon trap: reason=bimorphic action=maybe_recompile pc=0x00007fe4c5ea6c8c method=com.sun.faces.application.ApplicationImpl$ReentrantLisneterInvocationGuard.getDataStructure(Ljavax/faces/context/FacesContext;)Ljava/util/Map; @ 3
Event: 38404,484 Thread 0x00007fe46c002000 Uncommon trap: reason=bimorphic action=maybe_recompile pc=0x00007fe4c5ea6c8c method=com.sun.faces.application.ApplicationImpl$ReentrantLisneterInvocationGuard.getDataStructure(Ljavax/faces/context/FacesContext;)Ljava/util/Map; @ 3

Classes redefined (0 events):
No events

Internal exceptions (10 events):
Event: 313,265 Thread 0x00007fe4807a3000 Exception <a 'java/io/IOException'> (0x00000000de11b8a0) thrown at [/HUDSON/workspace/8-2-build-linux-amd64/jdk8u201/12317/hotspot/src/share/vm/prims/jni.cpp, line 709]
Event: 313,271 Thread 0x00007fe4807a3000 Exception <a 'java/io/IOException'> (0x00000000de16a6a8) thrown at [/HUDSON/workspace/8-2-build-linux-amd64/jdk8u201/12317/hotspot/src/share/vm/prims/jni.cpp, line 709]
Event: 313,271 Thread 0x00007fe4807a3000 Exception <a 'java/io/IOException'> (0x00000000de16b358) thrown at [/HUDSON/workspace/8-2-build-linux-amd64/jdk8u201/12317/hotspot/src/share/vm/prims/jni.cpp, line 709]
Event: 313,372 Thread 0x00007fe48048e800 Exception <a 'java/io/IOException'> (0x00000000de30b638) thrown at [/HUDSON/workspace/8-2-build-linux-amd64/jdk8u201/12317/hotspot/src/share/vm/prims/jni.cpp, line 709]
Event: 334,291 Thread 0x00007fe48048a800 Exception <a 'java/io/IOException'> (0x00000000e10b78e8) thrown at [/HUDSON/workspace/8-2-build-linux-amd64/jdk8u201/12317/hotspot/src/share/vm/prims/jni.cpp, line 709]
Event: 334,295 Thread 0x00007fe48048a800 Exception <a 'java/io/IOException'> (0x00000000e11064a8) thrown at [/HUDSON/workspace/8-2-build-linux-amd64/jdk8u201/12317/hotspot/src/share/vm/prims/jni.cpp, line 709]
Event: 334,297 Thread 0x00007fe48048a800 Exception <a 'java/io/IOException'> (0x00000000e1107138) thrown at [/HUDSON/workspace/8-2-build-linux-amd64/jdk8u201/12317/hotspot/src/share/vm/prims/jni.cpp, line 709]
Event: 334,398 Thread 0x00007fe4809f5800 Exception <a 'java/io/IOException'> (0x00000000de9896e8) thrown at [/HUDSON/workspace/8-2-build-linux-amd64/jdk8u201/12317/hotspot/src/share/vm/prims/jni.cpp, line 709]
Event: 38404,418 Thread 0x00007fe480c92800 Exception <a 'java/lang/InterruptedException': sleep interrupted> (0x00000000dbef89e8) thrown at [/HUDSON/workspace/8-2-build-linux-amd64/jdk8u201/12317/hotspot/src/share/vm/prims/jvm.cpp, line 3340]
Event: 38404,480 Thread 0x00007fe480833800 Exception <a 'java/lang/InterruptedException': sleep interrupted> (0x00000000dbee5e80) thrown at [/HUDSON/workspace/8-2-build-linux-amd64/jdk8u201/12317/hotspot/src/share/vm/prims/jvm.cpp, line 3340]

Events (10 events):
Event: 38404,485 Executing VM operation: RevokeBias
Event: 38404,485 Executing VM operation: RevokeBias done
Event: 38404,487 loading class java/sql/DriverManager
Event: 38404,493 loading class java/sql/DriverManager done
Event: 38404,493 loading class java/sql/DriverManager$1
Event: 38404,493 loading class java/sql/DriverManager$1 done
Event: 38404,493 loading class java/sql/DriverManager$2
Event: 38404,493 loading class java/sql/DriverManager$2 done
Event: 38404,493 loading class java/sql/Driver
Event: 38404,493 loading class java/sql/Driver done


Dynamic libraries:
00400000-00401000 r-xp 00000000 08:02 1448735                            /usr/lib/jvm/java-8-oracle/jre/bin/java
00600000-00601000 r--p 00000000 08:02 1448735                            /usr/lib/jvm/java-8-oracle/jre/bin/java
00601000-00602000 rw-p 00001000 08:02 1448735                            /usr/lib/jvm/java-8-oracle/jre/bin/java
00e49000-00e8b000 rw-p 00000000 00:00 0                                  [heap]
85600000-8dc80000 rw-p 00000000 00:00 0 
8dc80000-d7200000 ---p 00000000 00:00 0 
d7200000-dd300000 rw-p 00000000 00:00 0 
dd300000-100000000 ---p 00000000 00:00 0 
100000000-1007e0000 rw-p 00000000 00:00 0 
1007e0000-140000000 ---p 00000000 00:00 0 
7fe43c000000-7fe43c2a2000 rw-p 00000000 00:00 0 
7fe43c2a2000-7fe440000000 ---p 00000000 00:00 0 
7fe4435db000-7fe44361b000 rw-p 00000000 00:00 0 
7fe44361b000-7fe4437db000 ---p 00000000 00:00 0 
7fe4437db000-7fe4439db000 rw-p 00000000 00:00 0 
7fe4439db000-7fe4439f2000 r-xp 00000000 08:02 4834                       /lib/x86_64-linux-gnu/libresolv-2.27.so
7fe4439f2000-7fe443bf2000 ---p 00017000 08:02 4834                       /lib/x86_64-linux-gnu/libresolv-2.27.so
7fe443bf2000-7fe443bf3000 r--p 00017000 08:02 4834                       /lib/x86_64-linux-gnu/libresolv-2.27.so
7fe443bf3000-7fe443bf4000 rw-p 00018000 08:02 4834                       /lib/x86_64-linux-gnu/libresolv-2.27.so
7fe443bf4000-7fe443bf6000 rw-p 00000000 00:00 0 
7fe443bf6000-7fe443bfb000 r-xp 00000000 08:02 4783                       /lib/x86_64-linux-gnu/libnss_dns-2.27.so
7fe443bfb000-7fe443dfb000 ---p 00005000 08:02 4783                       /lib/x86_64-linux-gnu/libnss_dns-2.27.so
7fe443dfb000-7fe443dfc000 r--p 00005000 08:02 4783                       /lib/x86_64-linux-gnu/libnss_dns-2.27.so
7fe443dfc000-7fe443dfd000 rw-p 00006000 08:02 4783                       /lib/x86_64-linux-gnu/libnss_dns-2.27.so
7fe443dfd000-7fe443dff000 r-xp 00000000 08:02 4791                       /lib/x86_64-linux-gnu/libnss_mdns4_minimal.so.2
7fe443dff000-7fe443ffe000 ---p 00002000 08:02 4791                       /lib/x86_64-linux-gnu/libnss_mdns4_minimal.so.2
7fe443ffe000-7fe443fff000 r--p 00001000 08:02 4791                       /lib/x86_64-linux-gnu/libnss_mdns4_minimal.so.2
7fe443fff000-7fe444000000 rw-p 00002000 08:02 4791                       /lib/x86_64-linux-gnu/libnss_mdns4_minimal.so.2
7fe444000000-7fe444021000 rw-p 00000000 00:00 0 
7fe444021000-7fe448000000 ---p 00000000 00:00 0 
7fe448000000-7fe448099000 rw-p 00000000 00:00 0 
7fe448099000-7fe44c000000 ---p 00000000 00:00 0 
7fe44c000000-7fe44c439000 rw-p 00000000 00:00 0 
7fe44c439000-7fe450000000 ---p 00000000 00:00 0 
7fe450000000-7fe450021000 rw-p 00000000 00:00 0 
7fe450021000-7fe454000000 ---p 00000000 00:00 0 
7fe454000000-7fe45415c000 rw-p 00000000 00:00 0 
7fe45415c000-7fe458000000 ---p 00000000 00:00 0 
7fe458000000-7fe458021000 rw-p 00000000 00:00 0 
7fe458021000-7fe45c000000 ---p 00000000 00:00 0 
7fe45c000000-7fe45c021000 rw-p 00000000 00:00 0 
7fe45c021000-7fe460000000 ---p 00000000 00:00 0 
7fe460000000-7fe460742000 rw-p 00000000 00:00 0 
7fe460742000-7fe464000000 ---p 00000000 00:00 0 
7fe464000000-7fe4642b4000 rw-p 00000000 00:00 0 
7fe4642b4000-7fe468000000 ---p 00000000 00:00 0 
7fe468000000-7fe468021000 rw-p 00000000 00:00 0 
7fe468021000-7fe46c000000 ---p 00000000 00:00 0 
7fe46c000000-7fe46c021000 rw-p 00000000 00:00 0 
7fe46c021000-7fe470000000 ---p 00000000 00:00 0 
7fe470000000-7fe470021000 rw-p 00000000 00:00 0 
7fe470021000-7fe474000000 ---p 00000000 00:00 0 
7fe474000000-7fe474201000 rw-p 00000000 00:00 0 
7fe474201000-7fe478000000 ---p 00000000 00:00 0 
7fe478000000-7fe4786aa000 rw-p 00000000 00:00 0 
7fe4786aa000-7fe47c000000 ---p 00000000 00:00 0 
7fe47c000000-7fe47c021000 rw-p 00000000 00:00 0 
7fe47c021000-7fe480000000 ---p 00000000 00:00 0 
7fe480000000-7fe480d75000 rw-p 00000000 00:00 0 
7fe480d75000-7fe484000000 ---p 00000000 00:00 0 
7fe484000000-7fe484021000 rw-p 00000000 00:00 0 
7fe484021000-7fe488000000 ---p 00000000 00:00 0 
7fe488000000-7fe488021000 rw-p 00000000 00:00 0 
7fe488021000-7fe48c000000 ---p 00000000 00:00 0 
7fe48c000000-7fe48dcc8000 rw-p 00000000 00:00 0 
7fe48dcc8000-7fe490000000 ---p 00000000 00:00 0 
7fe490000000-7fe49151d000 rw-p 00000000 00:00 0 
7fe49151d000-7fe494000000 ---p 00000000 00:00 0 
7fe494000000-7fe494021000 rw-p 00000000 00:00 0 
7fe494021000-7fe498000000 ---p 00000000 00:00 0 
7fe498000000-7fe499de4000 rw-p 00000000 00:00 0 
7fe499de4000-7fe49c000000 ---p 00000000 00:00 0 
7fe49c000000-7fe49c021000 rw-p 00000000 00:00 0 
7fe49c021000-7fe4a0000000 ---p 00000000 00:00 0 
7fe4a0000000-7fe4a0021000 rw-p 00000000 00:00 0 
7fe4a0021000-7fe4a4000000 ---p 00000000 00:00 0 
7fe4a4000000-7fe4a4021000 rw-p 00000000 00:00 0 
7fe4a4021000-7fe4a8000000 ---p 00000000 00:00 0 
7fe4a8000000-7fe4a8092000 rw-p 00000000 00:00 0 
7fe4a8092000-7fe4ac000000 ---p 00000000 00:00 0 
7fe4ac000000-7fe4ac021000 rw-p 00000000 00:00 0 
7fe4ac021000-7fe4b0000000 ---p 00000000 00:00 0 
7fe4b01b7000-7fe4b03b7000 rw-p 00000000 00:00 0 
7fe4b03b7000-7fe4b05b7000 rw-p 00000000 00:00 0 
7fe4b05b7000-7fe4b05ce000 r-xp 00000000 08:02 20594                      /lib/x86_64-linux-gnu/libgcc_s.so.1
7fe4b05ce000-7fe4b07cd000 ---p 00017000 08:02 20594                      /lib/x86_64-linux-gnu/libgcc_s.so.1
7fe4b07cd000-7fe4b07ce000 r--p 00016000 08:02 20594                      /lib/x86_64-linux-gnu/libgcc_s.so.1
7fe4b07ce000-7fe4b07cf000 rw-p 00017000 08:02 20594                      /lib/x86_64-linux-gnu/libgcc_s.so.1
7fe4b07cf000-7fe4b0807000 r-xp 00000000 08:02 4063649                    /usr/lib/jvm/java-8-oracle/jre/lib/amd64/libsunec.so
7fe4b0807000-7fe4b0a06000 ---p 00038000 08:02 4063649                    /usr/lib/jvm/java-8-oracle/jre/lib/amd64/libsunec.so
7fe4b0a06000-7fe4b0a0b000 r--p 00037000 08:02 4063649                    /usr/lib/jvm/java-8-oracle/jre/lib/amd64/libsunec.so
7fe4b0a0b000-7fe4b0a0d000 rw-p 0003c000 08:02 4063649                    /usr/lib/jvm/java-8-oracle/jre/lib/amd64/libsunec.so
7fe4b0a0d000-7fe4b0c0d000 rw-p 00000000 00:00 0 
7fe4b0c0d000-7fe4b0c10000 ---p 00000000 00:00 0 
7fe4b0c10000-7fe4b0d0e000 rw-p 00000000 00:00 0 
7fe4b0d0e000-7fe4b0d11000 ---p 00000000 00:00 0 
7fe4b0d11000-7fe4b0e0f000 rw-p 00000000 00:00 0 
7fe4b0e0f000-7fe4b0e12000 ---p 00000000 00:00 0 
7fe4b0e12000-7fe4b0f10000 rw-p 00000000 00:00 0 
7fe4b0f10000-7fe4b0f13000 ---p 00000000 00:00 0 
7fe4b0f13000-7fe4b1011000 rw-p 00000000 00:00 0 
7fe4b1011000-7fe4b1014000 ---p 00000000 00:00 0 
7fe4b1014000-7fe4b1112000 rw-p 00000000 00:00 0 
7fe4b1112000-7fe4b1115000 ---p 00000000 00:00 0 
7fe4b1115000-7fe4b1213000 rw-p 00000000 00:00 0 
7fe4b1213000-7fe4b1216000 ---p 00000000 00:00 0 
7fe4b1216000-7fe4b1314000 rw-p 00000000 00:00 0 
7fe4b1314000-7fe4b1317000 ---p 00000000 00:00 0 
7fe4b1317000-7fe4b1415000 rw-p 00000000 00:00 0 
7fe4b1415000-7fe4b1418000 ---p 00000000 00:00 0 
7fe4b1418000-7fe4b1516000 rw-p 00000000 00:00 0 
7fe4b1516000-7fe4b1519000 ---p 00000000 00:00 0 
7fe4b1519000-7fe4b1617000 rw-p 00000000 00:00 0 
7fe4b1617000-7fe4b161a000 ---p 00000000 00:00 0 
7fe4b161a000-7fe4b1718000 rw-p 00000000 00:00 0 
7fe4b1718000-7fe4b171b000 ---p 00000000 00:00 0 
7fe4b171b000-7fe4b1819000 rw-p 00000000 00:00 0 
7fe4b1819000-7fe4b181c000 ---p 00000000 00:00 0 
7fe4b181c000-7fe4b191a000 rw-p 00000000 00:00 0 
7fe4b191a000-7fe4b191d000 ---p 00000000 00:00 0 
7fe4b191d000-7fe4b1a1b000 rw-p 00000000 00:00 0 
7fe4b1a1b000-7fe4b1a1e000 ---p 00000000 00:00 0 
7fe4b1a1e000-7fe4b1b1c000 rw-p 00000000 00:00 0 
7fe4b1b1c000-7fe4b1b1f000 ---p 00000000 00:00 0 
7fe4b1b1f000-7fe4b1c1d000 rw-p 00000000 00:00 0 
7fe4b1c1d000-7fe4b1c20000 ---p 00000000 00:00 0 
7fe4b1c20000-7fe4b1f1e000 rw-p 00000000 00:00 0 
7fe4b1f1e000-7fe4b1f21000 ---p 00000000 00:00 0 
7fe4b1f21000-7fe4b201f000 rw-p 00000000 00:00 0 
7fe4b201f000-7fe4b2022000 ---p 00000000 00:00 0 
7fe4b2022000-7fe4b2320000 rw-p 00000000 00:00 0 
7fe4b2320000-7fe4b2520000 rw-p 00000000 00:00 0 
7fe4b2520000-7fe4b2720000 rw-p 00000000 00:00 0 
7fe4b2720000-7fe4b2920000 rw-p 00000000 00:00 0 
7fe4b2920000-7fe4b2b20000 rw-p 00000000 00:00 0 
7fe4b2b20000-7fe4b2d20000 rw-p 00000000 00:00 0 
7fe4b2d20000-7fe4b2f20000 rw-p 00000000 00:00 0 
7fe4b2f20000-7fe4b3120000 rw-p 00000000 00:00 0 
7fe4b3120000-7fe4b3320000 rw-p 00000000 00:00 0 
7fe4b33ee000-7fe4b35ee000 rw-p 00000000 00:00 0 
7fe4b35ee000-7fe4b37ee000 rw-p 00000000 00:00 0 
7fe4b37ee000-7fe4b39ee000 rw-p 00000000 00:00 0 
7fe4b39ee000-7fe4b39ff000 r-xp 00000000 08:02 4063701                    /usr/lib/jvm/java-8-oracle/jre/lib/amd64/libnio.so
7fe4b39ff000-7fe4b3bfe000 ---p 00011000 08:02 4063701                    /usr/lib/jvm/java-8-oracle/jre/lib/amd64/libnio.so
7fe4b3bfe000-7fe4b3bff000 r--p 00010000 08:02 4063701                    /usr/lib/jvm/java-8-oracle/jre/lib/amd64/libnio.so
7fe4b3bff000-7fe4b3c00000 rw-p 00011000 08:02 4063701                    /usr/lib/jvm/java-8-oracle/jre/lib/amd64/libnio.so
7fe4b3c00000-7fe4b3e00000 rw-p 00000000 00:00 0 
7fe4b3e00000-7fe4b4000000 rw-p 00000000 00:00 0 
7fe4b4000000-7fe4b4025000 rw-p 00000000 00:00 0 
7fe4b4025000-7fe4b8000000 ---p 00000000 00:00 0 
7fe4b8095000-7fe4b80a8000 r--s 00345000 08:02 1583734                    /usr/lib/jvm/java-8-oracle/jre/lib/resources.jar
7fe4b80a8000-7fe4b80ae000 r--s 0003f000 08:02 4063552                    /usr/lib/jvm/java-8-oracle/jre/lib/ext/sunjce_provider.jar
7fe4b80ae000-7fe4b80b0000 r--s 00009000 08:02 4063542                    /usr/lib/jvm/java-8-oracle/jre/lib/ext/sunec.jar
7fe4b80b0000-7fe4b80b4000 r--s 0003a000 08:02 4063549                    /usr/lib/jvm/java-8-oracle/jre/lib/ext/sunpkcs11.jar
7fe4b80b4000-7fe4b80b7000 r--s 0001a000 08:02 1583741                    /usr/lib/jvm/java-8-oracle/jre/lib/jce.jar
7fe4b80b7000-7fe4b80ba000 ---p 00000000 00:00 0 
7fe4b80ba000-7fe4b81b8000 rw-p 00000000 00:00 0 
7fe4b81b8000-7fe4b81bd000 r--s 002f9000 08:02 1583728                    /usr/lib/jvm/java-8-oracle/jre/lib/charsets.jar
7fe4b81bd000-7fe4b81c1000 r--s 000a1000 08:02 1583735                    /usr/lib/jvm/java-8-oracle/jre/lib/jsse.jar
7fe4b81c1000-7fe4b83c1000 rw-p 00000000 00:00 0 
7fe4b83c1000-7fe4b83d7000 r-xp 00000000 08:02 4063698                    /usr/lib/jvm/java-8-oracle/jre/lib/amd64/libnet.so
7fe4b83d7000-7fe4b85d7000 ---p 00016000 08:02 4063698                    /usr/lib/jvm/java-8-oracle/jre/lib/amd64/libnet.so
7fe4b85d7000-7fe4b85d8000 r--p 00016000 08:02 4063698                    /usr/lib/jvm/java-8-oracle/jre/lib/amd64/libnet.so
7fe4b85d8000-7fe4b85d9000 rw-p 00017000 08:02 4063698                    /usr/lib/jvm/java-8-oracle/jre/lib/amd64/libnet.so
7fe4b85d9000-7fe4b85e2000 r-xp 00000000 08:02 4063706                    /usr/lib/jvm/java-8-oracle/jre/lib/amd64/libmanagement.so
7fe4b85e2000-7fe4b87e1000 ---p 00009000 08:02 4063706                    /usr/lib/jvm/java-8-oracle/jre/lib/amd64/libmanagement.so
7fe4b87e1000-7fe4b87e2000 r--p 00008000 08:02 4063706                    /usr/lib/jvm/java-8-oracle/jre/lib/amd64/libmanagement.so
7fe4b87e2000-7fe4b87e3000 rw-p 00009000 08:02 4063706                    /usr/lib/jvm/java-8-oracle/jre/lib/amd64/libmanagement.so
7fe4b87e3000-7fe4b89e3000 rw-p 00000000 00:00 0 
7fe4b89e3000-7fe4b8be3000 rw-p 00000000 00:00 0 
7fe4b8be3000-7fe4b8be6000 ---p 00000000 00:00 0 
7fe4b8be6000-7fe4b8ce4000 rw-p 00000000 00:00 0 
7fe4b8ce4000-7fe4b8ce7000 ---p 00000000 00:00 0 
7fe4b8ce7000-7fe4b8de5000 rw-p 00000000 00:00 0 
7fe4b8de5000-7fe4b8de8000 ---p 00000000 00:00 0 
7fe4b8de8000-7fe4b8ee6000 rw-p 00000000 00:00 0 
7fe4b8ee6000-7fe4b8ef0000 r--s 00116000 08:02 4063551                    /usr/lib/jvm/java-8-oracle/jre/lib/ext/localedata.jar
7fe4b8ef0000-7fe4b8f0c000 r--s 00393000 08:02 4063544                    /usr/lib/jvm/java-8-oracle/jre/lib/ext/cldrdata.jar
7fe4b8f0c000-7fe4b8f13000 r--s 00000000 08:02 29536                      /usr/lib/x86_64-linux-gnu/gconv/gconv-modules.cache
7fe4b8f13000-7fe4b8f31000 r--p 00000000 08:02 35946                      /usr/share/locale-langpack/id/LC_MESSAGES/libc.mo
7fe4b8f31000-7fe4b8f33000 r--s 00003000 08:02 2102463                    /home/tutnatha/.m2/repository/com/google/code/findbugs/jsr305/3.0.1/jsr305-3.0.1.jar
7fe4b8f33000-7fe4b8f34000 r--s 00000000 08:02 2636274                    /home/tutnatha/.m2/repository/net/jcip/jcip-annotations/1.0/jcip-annotations-1.0.jar
7fe4b8f34000-7fe4b8f36000 r--s 00008000 08:02 2889421                    /home/tutnatha/.m2/repository/com/google/code/findbugs/annotations/3.0.1u2/annotations-3.0.1u2.jar
7fe4b8f36000-7fe4b8f40000 r--s 0005c000 08:02 1442896                    /home/tutnatha/.m2/repository/javax/servlet/jstl/1.2/jstl-1.2.jar
7fe4b8f40000-7fe4b8f43000 r--s 0000e000 08:02 3158595                    /home/tutnatha/.m2/repository/com/fasterxml/jackson/core/jackson-annotations/2.9.8/jackson-annotations-2.9.8.jar
7fe4b8f43000-7fe4b8f47000 r--s 0004c000 08:02 3149793                    /home/tutnatha/.m2/repository/com/fasterxml/jackson/core/jackson-core/2.9.8/jackson-core-2.9.8.jar
7fe4b8f47000-7fe4b8f59000 r--s 001f6000 08:02 1970119                    /home/tutnatha/.m2/repository/net/bootsfaces/bootsfaces/1.2.0/bootsfaces-1.2.0.jar
7fe4b8f59000-7fe4b8f6b000 r--s 00137000 08:02 3149788                    /home/tutnatha/.m2/repository/com/fasterxml/jackson/core/jackson-databind/2.9.8/jackson-databind-2.9.8.jar
7fe4b8f6b000-7fe4b8f6c000 r--s 00000000 08:02 1442907                    /home/tutnatha/.m2/repository/javax/inject/javax.inject/1/javax.inject-1.jar
7fe4b8f6c000-7fe4b8f6d000 r--s 00005000 08:02 1183889                    /home/tutnatha/.m2/repository/javax/interceptor/javax.interceptor-api/1.2/javax.interceptor-api-1.2.jar
7fe4b8f6d000-7fe4b8f72000 r--s 00017000 08:02 1447979                    /home/tutnatha/.m2/repository/javax/enterprise/cdi-api/2.0/cdi-api-2.0.jar
7fe4b8f72000-7fe4b8f74000 r--s 00006000 08:02 1311702                    /home/tutnatha/.m2/repository/javax/transaction/javax.transaction-api/1.2/javax.transaction-api-1.2.jar
7fe4b8f74000-7fe4b8f77000 r--s 0000d000 08:02 2637353                    /home/tutnatha/.m2/repository/javax/ejb/javax.ejb-api/3.2.2/javax.ejb-api-3.2.2.jar
7fe4b8f77000-7fe4b8f7c000 r--s 00017000 08:02 3818653                    /home/tutnatha/.m2/repository/org/hibernate/javax/persistence/hibernate-jpa-2.1-api/1.0.2.Final/hibernate-jpa-2.1-api-1.0.2.Final.jar
7fe4b8f7c000-7fe4b8f7f000 r--s 000f5000 08:02 5376231                    /home/tutnatha/.m2/repository/com/github/adminfaces/admin-theme/1.0.1/admin-theme-1.0.1.jar
7fe4b8f7f000-7fe4b8f82000 r--s 00018000 08:02 5376229                    /home/tutnatha/.m2/repository/com/github/adminfaces/admin-template/1.0.1/admin-template-1.0.1.jar
7fe4b8f82000-7fe4b8f8d000 r--s 00079000 08:02 2234194                    /home/tutnatha/.m2/repository/org/omnifaces/omnifaces/1.14.1/omnifaces-1.14.1.jar
7fe4b8f8d000-7fe4b8f8e000 r--s 00000000 08:02 4333475                    /home/tutnatha/.m2/repository/org/joinfaces/omnifaces1-spring-boot-starter/3.2.6/omnifaces1-spring-boot-starter-3.2.6.jar
7fe4b8f8e000-7fe4b8f92000 r--s 00031000 08:02 3157550                    /home/tutnatha/.m2/repository/commons-io/commons-io/2.6/commons-io-2.6.jar
7fe4b8f92000-7fe4b8fa8000 r--s 0028b000 08:02 1708652                    /home/tutnatha/.m2/repository/org/primefaces/extensions/resources-ckeditor/6.2.9/resources-ckeditor-6.2.9.jar
7fe4b8fa8000-7fe4b8fb0000 r--s 00072000 08:02 3160235                    /home/tutnatha/.m2/repository/org/apache/commons/commons-lang3/3.7/commons-lang3-3.7.jar
7fe4b8fb0000-7fe4b8fb5000 r--s 00036000 08:02 1183886                    /home/tutnatha/.m2/repository/com/google/code/gson/gson/2.8.5/gson-2.8.5.jar
7fe4b8fb5000-7fe4b8fc8000 r--s 002ec000 08:02 1841230                    /home/tutnatha/.m2/repository/org/primefaces/extensions/primefaces-extensions/6.2.9/primefaces-extensions-6.2.9.jar
7fe4b8fc8000-7fe4b8ff6000 r--s 00472000 08:02 3282322                    /home/tutnatha/.m2/repository/org/primefaces/primefaces/7.0/primefaces-7.0.jar
7fe4b8ff6000-7fe4b9000000 r--s 000aa000 08:02 2497892                    /home/tutnatha/.m2/repository/org/javassist/javassist/3.21.0-GA/javassist-3.21.0-GA.jar
7fe4b9000000-7fe4b902f000 r--s 00226000 08:02 3281216                    /home/tutnatha/.m2/repository/com/google/guava/guava/20.0/guava-20.0.jar
7fe4b902f000-7fe4b9032000 r--s 0001d000 08:02 3280792                    /home/tutnatha/.m2/repository/org/reflections/reflections/0.9.11/reflections-0.9.11.jar
7fe4b9032000-7fe4b9033000 r--s 00004000 08:02 4333473                    /home/tutnatha/.m2/repository/org/springframework/security/spring-security-taglibs/5.0.9.RELEASE/spring-security-taglibs-5.0.9.RELEASE.jar
7fe4b9033000-7fe4b9035000 r--s 00002000 08:02 4333471                    /home/tutnatha/.m2/repository/org/joinfaces/spring-security-jsf-taglib/3.2.6/spring-security-jsf-taglib-3.2.6.jar
7fe4b9035000-7fe4b903b000 r--s 0003e000 08:02 4333470                    /home/tutnatha/.m2/repository/org/joinfaces/joinfaces-autoconfigure/3.2.6/joinfaces-autoconfigure-3.2.6.jar
7fe4b903b000-7fe4b9068000 r--s 0033d000 08:02 2500031                    /home/tutnatha/.m2/repository/org/glassfish/javax.faces/2.3.4/javax.faces-2.3.4.jar
7fe4b9068000-7fe4b9069000 r--s 00000000 08:02 4333467                    /home/tutnatha/.m2/repository/org/joinfaces/mojarra-spring-boot-starter/3.2.6/mojarra-spring-boot-starter-3.2.6.jar
7fe4b9069000-7fe4b907c000 r--s 00244000 08:02 2758562                    /home/tutnatha/.m2/repository/org/eclipse/jdt/ecj/3.12.3/ecj-3.12.3.jar
7fe4b907c000-7fe4b9086000 r--s 00096000 08:02 4333466                    /home/tutnatha/.m2/repository/org/apache/tomcat/embed/tomcat-embed-jasper/8.5.34/tomcat-embed-jasper-8.5.34.jar
7fe4b9086000-7fe4b908b000 r--s 0003a000 08:02 4201422                    /home/tutnatha/.m2/repository/org/apache/tomcat/embed/tomcat-embed-websocket/8.5.34/tomcat-embed-websocket-8.5.34.jar
7fe4b908b000-7fe4b9090000 r--s 00038000 08:02 4201420                    /home/tutnatha/.m2/repository/org/apache/tomcat/embed/tomcat-embed-el/8.5.34/tomcat-embed-el-8.5.34.jar
7fe4b9090000-7fe4b90ba000 r--s 002d5000 08:02 3937037                    /home/tutnatha/.m2/repository/org/apache/tomcat/embed/tomcat-embed-core/8.5.34/tomcat-embed-core-8.5.34.jar
7fe4b90ba000-7fe4b90bb000 r--s 00000000 08:02 4333463                    /home/tutnatha/.m2/repository/org/springframework/boot/spring-boot-starter-tomcat/2.0.6.RELEASE/spring-boot-starter-tomcat-2.0.6.RELEASE.jar
7fe4b90bb000-7fe4b90bc000 r--s 00000000 08:02 4201617                    /home/tutnatha/.m2/repository/org/joinfaces/tomcat-spring-boot-starter/3.2.6/tomcat-spring-boot-starter-3.2.6.jar
7fe4b90bc000-7fe4b90d6000 r--s 0011b000 08:02 4201614                    /home/tutnatha/.m2/repository/org/springframework/spring-web/5.0.10.RELEASE/spring-web-5.0.10.RELEASE.jar
7fe4b90d6000-7fe4b90d7000 r--s 00000000 08:02 4201613                    /home/tutnatha/.m2/repository/org/joinfaces/jsf-spring-boot-starter/3.2.6/jsf-spring-boot-starter-3.2.6.jar
7fe4b90d7000-7fe4b90d8000 r--s 00000000 08:02 4201610                    /home/tutnatha/.m2/repository/org/joinfaces/primefaces-spring-boot-starter/3.2.6/primefaces-spring-boot-starter-3.2.6.jar
7fe4b90d8000-7fe4b90de000 r--s 0002d000 08:02 4201600                    /home/tutnatha/.m2/repository/org/springframework/boot/spring-boot-devtools/2.0.6.RELEASE/spring-boot-devtools-2.0.6.RELEASE.jar
7fe4b90de000-7fe4b90e5000 r--s 00042000 08:02 3545675                    /home/tutnatha/.m2/repository/org/yaml/snakeyaml/1.19/snakeyaml-1.19.jar
7fe4b90e5000-7fe4b90fd000 r--s 00115000 08:02 4201594                    /home/tutnatha/.m2/repository/org/springframework/spring-core/5.0.10.RELEASE/spring-core-5.0.10.RELEASE.jar
7fe4b90fd000-7fe4b9103000 r--s 00039000 08:02 3545679                    /home/tutnatha/.m2/repository/org/apache/logging/log4j/log4j-api/2.10.0/log4j-api-2.10.0.jar
7fe4b9103000-7fe4b910e000 r--s 00069000 08:02 2234038                    /home/tutnatha/.m2/repository/ch/qos/logback/logback-core/1.2.3/logback-core-1.2.3.jar
7fe4b910e000-7fe4b912f000 r--s 000ff000 08:02 4201606                    /home/tutnatha/.m2/repository/org/springframework/boot/spring-boot-autoconfigure/2.0.6.RELEASE/spring-boot-autoconfigure-2.0.6.RELEASE.jar
7fe4b912f000-7fe4b9149000 r--s 000f1000 08:02 4196378                    /home/tutnatha/.m2/repository/org/springframework/spring-context/5.0.10.RELEASE/spring-context-5.0.10.RELEASE.jar
7fe4b9149000-7fe4b914a000 ---p 00000000 00:00 0 
7fe4b914a000-7fe4b924a000 rw-p 00000000 00:00 0 
7fe4b924a000-7fe4b924d000 ---p 00000000 00:00 0 
7fe4b924d000-7fe4b934b000 rw-p 00000000 00:00 0 
7fe4b934b000-7fe4b934c000 ---p 00000000 00:00 0 
7fe4b934c000-7fe4b934f000 ---p 00000000 00:00 0 
7fe4b934f000-7fe4b944c000 rw-p 00000000 00:00 0 
7fe4b944c000-7fe4b944d000 ---p 00000000 00:00 0 
7fe4b944d000-7fe4b9450000 ---p 00000000 00:00 0 
7fe4b9450000-7fe4b954d000 rw-p 00000000 00:00 0 
7fe4b954d000-7fe4b954e000 ---p 00000000 00:00 0 
7fe4b954e000-7fe4b9551000 ---p 00000000 00:00 0 
7fe4b9551000-7fe4b964e000 rw-p 00000000 00:00 0 
7fe4b964e000-7fe4b9651000 ---p 00000000 00:00 0 
7fe4b9651000-7fe4b974f000 rw-p 00000000 00:00 0 
7fe4b974f000-7fe4ba11f000 r--p 00000000 08:02 18586                      /usr/lib/locale/locale-archive
7fe4ba11f000-7fe4ba122000 ---p 00000000 00:00 0 
7fe4ba122000-7fe4ba220000 rw-p 00000000 00:00 0 
7fe4ba220000-7fe4ba223000 ---p 00000000 00:00 0 
7fe4ba223000-7fe4ba321000 rw-p 00000000 00:00 0 
7fe4ba321000-7fe4ba322000 ---p 00000000 00:00 0 
7fe4ba322000-7fe4bb251000 rw-p 00000000 00:00 0 
7fe4bb251000-7fe4bb42b000 r--s 03d6f000 08:02 1583730                    /usr/lib/jvm/java-8-oracle/jre/lib/rt.jar
7fe4bb42b000-7fe4bc000000 rw-p 00000000 00:00 0 
7fe4bc000000-7fe4bc028000 rw-p 00000000 00:00 0 
7fe4bc028000-7fe4c0000000 ---p 00000000 00:00 0 
7fe4c0000000-7fe4c0001000 r--s 00000000 08:02 4201608                    /home/tutnatha/.m2/repository/org/joinfaces/adminfaces-spring-boot-starter/3.2.6/adminfaces-spring-boot-starter-3.2.6.jar
7fe4c0001000-7fe4c0003000 r--s 00009000 08:02 1183736                    /home/tutnatha/.m2/repository/org/slf4j/slf4j-api/1.7.25/slf4j-api-1.7.25.jar
7fe4c0003000-7fe4c0005000 r--s 00004000 08:02 4201597                    /home/tutnatha/.m2/repository/org/springframework/spring-jcl/5.0.10.RELEASE/spring-jcl-5.0.10.RELEASE.jar
7fe4c0005000-7fe4c000b000 r--s 00041000 08:02 1048728                    /home/tutnatha/.m2/repository/ch/qos/logback/logback-classic/1.2.3/logback-classic-1.2.3.jar
7fe4c000b000-7fe4c0018000 r--s 00095000 08:02 4201604                    /home/tutnatha/.m2/repository/org/springframework/spring-beans/5.0.10.RELEASE/spring-beans-5.0.10.RELEASE.jar
7fe4c0018000-7fe4c3eab000 rw-p 00000000 00:00 0 
7fe4c3eab000-7fe4c3eac000 ---p 00000000 00:00 0 
7fe4c3eac000-7fe4c3fac000 rw-p 00000000 00:00 0 
7fe4c3fac000-7fe4c3fad000 ---p 00000000 00:00 0 
7fe4c3fad000-7fe4c40ad000 rw-p 00000000 00:00 0 
7fe4c40ad000-7fe4c40ae000 ---p 00000000 00:00 0 
7fe4c40ae000-7fe4c41f2000 rw-p 00000000 00:00 0 
7fe4c41f2000-7fe4c443c000 ---p 00000000 00:00 0 
7fe4c443c000-7fe4c4480000 rw-p 00000000 00:00 0 
7fe4c4480000-7fe4c46ca000 ---p 00000000 00:00 0 
7fe4c46ca000-7fe4c46fb000 rw-p 00000000 00:00 0 
7fe4c46fb000-7fe4c4811000 ---p 00000000 00:00 0 
7fe4c4811000-7fe4c4863000 rw-p 00000000 00:00 0 
7fe4c4863000-7fe4c4bd2000 ---p 00000000 00:00 0 
7fe4c4bd2000-7fe4c5fe2000 rwxp 00000000 00:00 0 
7fe4c5fe2000-7fe4d3bd2000 ---p 00000000 00:00 0 
7fe4d3bd2000-7fe4d3bed000 r-xp 00000000 08:02 4063694                    /usr/lib/jvm/java-8-oracle/jre/lib/amd64/libzip.so
7fe4d3bed000-7fe4d3dec000 ---p 0001b000 08:02 4063694                    /usr/lib/jvm/java-8-oracle/jre/lib/amd64/libzip.so
7fe4d3dec000-7fe4d3ded000 r--p 0001a000 08:02 4063694                    /usr/lib/jvm/java-8-oracle/jre/lib/amd64/libzip.so
7fe4d3ded000-7fe4d3dee000 rw-p 0001b000 08:02 4063694                    /usr/lib/jvm/java-8-oracle/jre/lib/amd64/libzip.so
7fe4d3dee000-7fe4d3df9000 r-xp 00000000 08:02 4785                       /lib/x86_64-linux-gnu/libnss_files-2.27.so
7fe4d3df9000-7fe4d3ff8000 ---p 0000b000 08:02 4785                       /lib/x86_64-linux-gnu/libnss_files-2.27.so
7fe4d3ff8000-7fe4d3ff9000 r--p 0000a000 08:02 4785                       /lib/x86_64-linux-gnu/libnss_files-2.27.so
7fe4d3ff9000-7fe4d3ffa000 rw-p 0000b000 08:02 4785                       /lib/x86_64-linux-gnu/libnss_files-2.27.so
7fe4d3ffa000-7fe4d4000000 rw-p 00000000 00:00 0 
7fe4d4000000-7fe4d48f2000 rw-p 00000000 00:00 0 
7fe4d48f2000-7fe4d8000000 ---p 00000000 00:00 0 
7fe4d8000000-7fe4d8005000 r--s 00040000 08:02 4196379                    /home/tutnatha/.m2/repository/org/springframework/spring-expression/5.0.10.RELEASE/spring-expression-5.0.10.RELEASE.jar
7fe4d8005000-7fe4d80eb000 rw-p 00000000 00:00 0 
7fe4d80eb000-7fe4d80ec000 ---p 00000000 00:00 0 
7fe4d80ec000-7fe4d81ec000 rw-p 00000000 00:00 0 
7fe4d81ec000-7fe4d8203000 r-xp 00000000 08:02 4779                       /lib/x86_64-linux-gnu/libnsl-2.27.so
7fe4d8203000-7fe4d8402000 ---p 00017000 08:02 4779                       /lib/x86_64-linux-gnu/libnsl-2.27.so
7fe4d8402000-7fe4d8403000 r--p 00016000 08:02 4779                       /lib/x86_64-linux-gnu/libnsl-2.27.so
7fe4d8403000-7fe4d8404000 rw-p 00017000 08:02 4779                       /lib/x86_64-linux-gnu/libnsl-2.27.so
7fe4d8404000-7fe4d8406000 rw-p 00000000 00:00 0 
7fe4d8406000-7fe4d8411000 r-xp 00000000 08:02 4796                       /lib/x86_64-linux-gnu/libnss_nis-2.27.so
7fe4d8411000-7fe4d8610000 ---p 0000b000 08:02 4796                       /lib/x86_64-linux-gnu/libnss_nis-2.27.so
7fe4d8610000-7fe4d8611000 r--p 0000a000 08:02 4796                       /lib/x86_64-linux-gnu/libnss_nis-2.27.so
7fe4d8611000-7fe4d8612000 rw-p 0000b000 08:02 4796                       /lib/x86_64-linux-gnu/libnss_nis-2.27.so
7fe4d8612000-7fe4d861a000 r-xp 00000000 08:02 4781                       /lib/x86_64-linux-gnu/libnss_compat-2.27.so
7fe4d861a000-7fe4d881a000 ---p 00008000 08:02 4781                       /lib/x86_64-linux-gnu/libnss_compat-2.27.so
7fe4d881a000-7fe4d881b000 r--p 00008000 08:02 4781                       /lib/x86_64-linux-gnu/libnss_compat-2.27.so
7fe4d881b000-7fe4d881c000 rw-p 00009000 08:02 4781                       /lib/x86_64-linux-gnu/libnss_compat-2.27.so
7fe4d881c000-7fe4d8848000 r-xp 00000000 08:02 4063688                    /usr/lib/jvm/java-8-oracle/jre/lib/amd64/libjava.so
7fe4d8848000-7fe4d8a48000 ---p 0002c000 08:02 4063688                    /usr/lib/jvm/java-8-oracle/jre/lib/amd64/libjava.so
7fe4d8a48000-7fe4d8a49000 r--p 0002c000 08:02 4063688                    /usr/lib/jvm/java-8-oracle/jre/lib/amd64/libjava.so
7fe4d8a49000-7fe4d8a4b000 rw-p 0002d000 08:02 4063688                    /usr/lib/jvm/java-8-oracle/jre/lib/amd64/libjava.so
7fe4d8a4b000-7fe4d8a58000 r-xp 00000000 08:02 4063693                    /usr/lib/jvm/java-8-oracle/jre/lib/amd64/libverify.so
7fe4d8a58000-7fe4d8c57000 ---p 0000d000 08:02 4063693                    /usr/lib/jvm/java-8-oracle/jre/lib/amd64/libverify.so
7fe4d8c57000-7fe4d8c59000 r--p 0000c000 08:02 4063693                    /usr/lib/jvm/java-8-oracle/jre/lib/amd64/libverify.so
7fe4d8c59000-7fe4d8c5a000 rw-p 0000e000 08:02 4063693                    /usr/lib/jvm/java-8-oracle/jre/lib/amd64/libverify.so
7fe4d8c5a000-7fe4d8c61000 r-xp 00000000 08:02 4836                       /lib/x86_64-linux-gnu/librt-2.27.so
7fe4d8c61000-7fe4d8e60000 ---p 00007000 08:02 4836                       /lib/x86_64-linux-gnu/librt-2.27.so
7fe4d8e60000-7fe4d8e61000 r--p 00006000 08:02 4836                       /lib/x86_64-linux-gnu/librt-2.27.so
7fe4d8e61000-7fe4d8e62000 rw-p 00007000 08:02 4836                       /lib/x86_64-linux-gnu/librt-2.27.so
7fe4d8e62000-7fe4d8fff000 r-xp 00000000 08:02 4758                       /lib/x86_64-linux-gnu/libm-2.27.so
7fe4d8fff000-7fe4d91fe000 ---p 0019d000 08:02 4758                       /lib/x86_64-linux-gnu/libm-2.27.so
7fe4d91fe000-7fe4d91ff000 r--p 0019c000 08:02 4758                       /lib/x86_64-linux-gnu/libm-2.27.so
7fe4d91ff000-7fe4d9200000 rw-p 0019d000 08:02 4758                       /lib/x86_64-linux-gnu/libm-2.27.so
7fe4d9200000-7fe4d9ee8000 r-xp 00000000 08:02 4063670                    /usr/lib/jvm/java-8-oracle/jre/lib/amd64/server/libjvm.so
7fe4d9ee8000-7fe4da0e7000 ---p 00ce8000 08:02 4063670                    /usr/lib/jvm/java-8-oracle/jre/lib/amd64/server/libjvm.so
7fe4da0e7000-7fe4da17d000 r--p 00ce7000 08:02 4063670                    /usr/lib/jvm/java-8-oracle/jre/lib/amd64/server/libjvm.so
7fe4da17d000-7fe4da1ae000 rw-p 00d7d000 08:02 4063670                    /usr/lib/jvm/java-8-oracle/jre/lib/amd64/server/libjvm.so
7fe4da1ae000-7fe4da1e9000 rw-p 00000000 00:00 0 
7fe4da1e9000-7fe4da3d0000 r-xp 00000000 08:02 4695                       /lib/x86_64-linux-gnu/libc-2.27.so
7fe4da3d0000-7fe4da5d0000 ---p 001e7000 08:02 4695                       /lib/x86_64-linux-gnu/libc-2.27.so
7fe4da5d0000-7fe4da5d4000 r--p 001e7000 08:02 4695                       /lib/x86_64-linux-gnu/libc-2.27.so
7fe4da5d4000-7fe4da5d6000 rw-p 001eb000 08:02 4695                       /lib/x86_64-linux-gnu/libc-2.27.so
7fe4da5d6000-7fe4da5da000 rw-p 00000000 00:00 0 
7fe4da5da000-7fe4da5dd000 r-xp 00000000 08:02 4718                       /lib/x86_64-linux-gnu/libdl-2.27.so
7fe4da5dd000-7fe4da7dc000 ---p 00003000 08:02 4718                       /lib/x86_64-linux-gnu/libdl-2.27.so
7fe4da7dc000-7fe4da7dd000 r--p 00002000 08:02 4718                       /lib/x86_64-linux-gnu/libdl-2.27.so
7fe4da7dd000-7fe4da7de000 rw-p 00003000 08:02 4718                       /lib/x86_64-linux-gnu/libdl-2.27.so
7fe4da7de000-7fe4da7f5000 r-xp 00000000 08:02 4063665                    /usr/lib/jvm/java-8-oracle/jre/lib/amd64/jli/libjli.so
7fe4da7f5000-7fe4da9f4000 ---p 00017000 08:02 4063665                    /usr/lib/jvm/java-8-oracle/jre/lib/amd64/jli/libjli.so
7fe4da9f4000-7fe4da9f5000 r--p 00016000 08:02 4063665                    /usr/lib/jvm/java-8-oracle/jre/lib/amd64/jli/libjli.so
7fe4da9f5000-7fe4da9f6000 rw-p 00017000 08:02 4063665                    /usr/lib/jvm/java-8-oracle/jre/lib/amd64/jli/libjli.so
7fe4da9f6000-7fe4daa10000 r-xp 00000000 08:02 4828                       /lib/x86_64-linux-gnu/libpthread-2.27.so
7fe4daa10000-7fe4dac0f000 ---p 0001a000 08:02 4828                       /lib/x86_64-linux-gnu/libpthread-2.27.so
7fe4dac0f000-7fe4dac10000 r--p 00019000 08:02 4828                       /lib/x86_64-linux-gnu/libpthread-2.27.so
7fe4dac10000-7fe4dac11000 rw-p 0001a000 08:02 4828                       /lib/x86_64-linux-gnu/libpthread-2.27.so
7fe4dac11000-7fe4dac15000 rw-p 00000000 00:00 0 
7fe4dac15000-7fe4dac3c000 r-xp 00000000 08:02 4667                       /lib/x86_64-linux-gnu/ld-2.27.so
7fe4dac3c000-7fe4dac3e000 r--s 00005000 08:02 3281225                    /home/tutnatha/.m2/repository/javax/annotation/javax.annotation-api/1.3.2/javax.annotation-api-1.3.2.jar
7fe4dac3e000-7fe4dac40000 r--s 00000000 08:02 1048749                    /home/tutnatha/.m2/repository/org/slf4j/jul-to-slf4j/1.7.25/jul-to-slf4j-1.7.25.jar
7fe4dac40000-7fe4dac55000 r--s 000d1000 08:02 4201603                    /home/tutnatha/.m2/repository/org/springframework/boot/spring-boot/2.0.6.RELEASE/spring-boot-2.0.6.RELEASE.jar
7fe4dac55000-7fe4dad20000 rw-p 00000000 00:00 0 
7fe4dad20000-7fe4dad21000 ---p 00000000 00:00 0 
7fe4dad21000-7fe4dad24000 ---p 00000000 00:00 0 
7fe4dad24000-7fe4dae25000 rw-p 00000000 00:00 0 
7fe4dae25000-7fe4dae27000 r--s 00003000 08:02 3416257                    /home/tutnatha/.m2/repository/org/apache/logging/log4j/log4j-to-slf4j/2.10.0/log4j-to-slf4j-2.10.0.jar
7fe4dae27000-7fe4dae28000 r--s 00000000 08:02 4201588                    /home/tutnatha/.m2/repository/org/springframework/boot/spring-boot-starter-logging/2.0.6.RELEASE/spring-boot-starter-logging-2.0.6.RELEASE.jar
7fe4dae28000-7fe4dae31000 r--s 00051000 08:02 4196256                    /home/tutnatha/.m2/repository/org/springframework/spring-aop/5.0.10.RELEASE/spring-aop-5.0.10.RELEASE.jar
7fe4dae31000-7fe4dae32000 r--s 00000000 08:02 4201586                    /home/tutnatha/.m2/repository/org/springframework/boot/spring-boot-starter/2.0.6.RELEASE/spring-boot-starter-2.0.6.RELEASE.jar
7fe4dae32000-7fe4dae3a000 rw-s 00000000 08:02 541151                     /tmp/hsperfdata_tutnatha/4131
7fe4dae3a000-7fe4dae3b000 rw-p 00000000 00:00 0 
7fe4dae3b000-7fe4dae3c000 r--p 00000000 00:00 0 
7fe4dae3c000-7fe4dae3d000 r--p 00027000 08:02 4667                       /lib/x86_64-linux-gnu/ld-2.27.so
7fe4dae3d000-7fe4dae3e000 rw-p 00028000 08:02 4667                       /lib/x86_64-linux-gnu/ld-2.27.so
7fe4dae3e000-7fe4dae3f000 rw-p 00000000 00:00 0 
7ffd6e5c8000-7ffd6e5eb000 rw-p 00000000 00:00 0                          [stack]
7ffd6e5f6000-7ffd6e5f9000 r--p 00000000 00:00 0                          [vvar]
7ffd6e5f9000-7ffd6e5fb000 r-xp 00000000 00:00 0                          [vdso]
ffffffffff600000-ffffffffff601000 r-xp 00000000 00:00 0                  [vsyscall]

VM Arguments:
java_command: com.github.adminfaces.starter.AdminBootMain
java_class_path (initial): /home/tutnatha/github.com/tutnatha/1st-lpmp-persuratan-adminfaces/target/classes:/home/tutnatha/.m2/repository/org/springframework/boot/spring-boot-starter/2.0.6.RELEASE/spring-boot-starter-2.0.6.RELEASE.jar:/home/tutnatha/.m2/repository/org/springframework/boot/spring-boot/2.0.6.RELEASE/spring-boot-2.0.6.RELEASE.jar:/home/tutnatha/.m2/repository/org/springframework/spring-context/5.0.10.RELEASE/spring-context-5.0.10.RELEASE.jar:/home/tutnatha/.m2/repository/org/springframework/spring-aop/5.0.10.RELEASE/spring-aop-5.0.10.RELEASE.jar:/home/tutnatha/.m2/repository/org/springframework/spring-beans/5.0.10.RELEASE/spring-beans-5.0.10.RELEASE.jar:/home/tutnatha/.m2/repository/org/springframework/spring-expression/5.0.10.RELEASE/spring-expression-5.0.10.RELEASE.jar:/home/tutnatha/.m2/repository/org/springframework/boot/spring-boot-autoconfigure/2.0.6.RELEASE/spring-boot-autoconfigure-2.0.6.RELEASE.jar:/home/tutnatha/.m2/repository/org/springframework/boot/spring-boot-starter-logging/2.0.6.RELEASE/spring-boot-starter-logging-2.0.6.RELEASE.jar:/home/tutnatha/.m2/repository/ch/qos/logback/logback-classic/1.2.3/logback-classic-1.2.3.jar:/home/tutnatha/.m2/repository/ch/qos/logback/logback-core/1.2.3/logback-core-1.2.3.jar:/home/tutnatha/.m2/repository/org/apache/logging/log4j/log4j-to-slf4j/2.10.0/log4j-to-slf4j-2.10.0.jar:/home/tutnatha/.m2/repository/org/apache/logging/log4j/log4j-api/2.10.0/log4j-api-2.10.0.jar:/home/tutnatha/.m2/repository/org/slf4j/jul-to-slf4j/1.7.25/jul-to-slf4j-1.7.25.jar:/home/tutnatha/.m2/repository/javax/annotation/javax.annotation-api/1.3.2/javax.annotation-api-1.3.2.jar:/home/tutnatha/.m2/repository/org/springframework/spring-core/5.0.10.RELEASE/spring-core-5.0.10.RELEASE.jar:/home/tutnatha/.m2/repository/org/springframework/spring-jcl/5.0.10.RELEASE/spring-jcl-5.0.10.RELEASE.jar:/home/tutnatha/.m2/repository/org/yaml/snakeyaml/1.19/snakeyaml-1.19.jar:/home/tutnatha/.m2/repository/org/slf4j/slf4j-api/1.7.25/slf4j-api-1
Launcher Type: SUN_STANDARD

Environment Variables:
JAVA_HOME=/usr/lib/jvm/java-8-oracle
PATH=/home/tutnatha/.sdkman/candidates/springboot/current/bin:/usr/local/sbin:/usr/local/bin:/usr/sbin:/usr/bin:/sbin:/bin:/usr/games:/usr/local/games:/usr/bin:/snap/bin:/usr/lib/jvm/java-8-oracle/bin:/usr/lib/jvm/java-8-oracle/db/bin:/usr/lib/jvm/java-8-oracle/jre/bin
USERNAME=tutnatha
SHELL=/bin/bash
DISPLAY=:0

Signal Handlers:
SIGSEGV: [libjvm.so+0xad3e60], sa_mask[0]=11111111011111111101111111111110, sa_flags=SA_RESTART|SA_SIGINFO
SIGBUS: [libjvm.so+0xad3e60], sa_mask[0]=11111111011111111101111111111110, sa_flags=SA_RESTART|SA_SIGINFO
SIGFPE: [libjvm.so+0x90b880], sa_mask[0]=11111111011111111101111111111110, sa_flags=SA_RESTART|SA_SIGINFO
SIGPIPE: [libjvm.so+0x90b880], sa_mask[0]=11111111011111111101111111111110, sa_flags=SA_RESTART|SA_SIGINFO
SIGXFSZ: [libjvm.so+0x90b880], sa_mask[0]=11111111011111111101111111111110, sa_flags=SA_RESTART|SA_SIGINFO
SIGILL: [libjvm.so+0x90b880], sa_mask[0]=11111111011111111101111111111110, sa_flags=SA_RESTART|SA_SIGINFO
SIGUSR1: SIG_DFL, sa_mask[0]=00000000000000000000000000000000, sa_flags=none
SIGUSR2: [libjvm.so+0x90b750], sa_mask[0]=00100000000000000000000000000000, sa_flags=SA_RESTART|SA_SIGINFO
SIGHUP: [libjvm.so+0x90bd70], sa_mask[0]=11111111011111111101111111111110, sa_flags=SA_RESTART|SA_SIGINFO
SIGINT: [libjvm.so+0x90bd70], sa_mask[0]=11111111011111111101111111111110, sa_flags=SA_RESTART|SA_SIGINFO
SIGTERM: [libjvm.so+0x90bd70], sa_mask[0]=11111111011111111101111111111110, sa_flags=SA_RESTART|SA_SIGINFO
SIGQUIT: [libjvm.so+0x90bd70], sa_mask[0]=11111111011111111101111111111110, sa_flags=SA_RESTART|SA_SIGINFO


---------------  S Y S T E M  ---------------

OS:DISTRIB_ID=Ubuntu
DISTRIB_RELEASE=18.04
DISTRIB_CODENAME=bionic
DISTRIB_DESCRIPTION="Ubuntu 18.04 LTS"

uname:Linux 4.15.0-20-generic #21-Ubuntu SMP Tue Apr 24 06:16:15 UTC 2018 x86_64
libc:glibc 2.27 NPTL 2.27 
rlimit: STACK 8192k, CORE 0k, NPROC 30381, NOFILE 4096, AS infinity
load average:0,44 0,45 0,29

/proc/meminfo:
MemTotal:        8032232 kB
MemFree:          149576 kB
MemAvailable:    1035052 kB
Buffers:          325020 kB
Cached:          1091284 kB
SwapCached:         7724 kB
Active:          5696496 kB
Inactive:        1791668 kB
Active(anon):    5040712 kB
Inactive(anon):  1397560 kB
Active(file):     655784 kB
Inactive(file):   394108 kB
Unevictable:          32 kB
Mlocked:              32 kB
SwapTotal:       2097148 kB
SwapFree:        1959932 kB
Dirty:               516 kB
Writeback:             0 kB
AnonPages:       6066252 kB
Mapped:           413384 kB
Shmem:            366864 kB
Slab:             227240 kB
SReclaimable:     109812 kB
SUnreclaim:       117428 kB
KernelStack:       23120 kB
PageTables:        72072 kB
NFS_Unstable:          0 kB
Bounce:                0 kB
WritebackTmp:          0 kB
CommitLimit:     6113264 kB
Committed_AS:   13903572 kB
VmallocTotal:   34359738367 kB
VmallocUsed:           0 kB
VmallocChunk:          0 kB
HardwareCorrupted:     0 kB
AnonHugePages:         0 kB
ShmemHugePages:        0 kB
ShmemPmdMapped:        0 kB
CmaTotal:              0 kB
CmaFree:               0 kB
HugePages_Total:       0
HugePages_Free:        0
HugePages_Rsvd:        0
HugePages_Surp:        0
Hugepagesize:       2048 kB
DirectMap4k:      345056 kB
DirectMap2M:     7907328 kB

container (cgroup) information:
container_type: cgroupv1
cpu_cpuset_cpus: 0-3
cpu_memory_nodes: 0
active_processor_count: 4
cpu_quota: -1
cpu_period: 100000
cpu_shares: -1
memory_limit_in_bytes: -1
memory_and_swap_limit_in_bytes: -2
memory_soft_limit_in_bytes: -1
memory_usage_in_bytes: 5700542464
memory_max_usage_in_bytes: 5989171200


CPU:total 4 (initial active 4) (2 cores per cpu, 2 threads per core) family 6 model 58 stepping 9, cmov, cx8, fxsr, mmx, sse, sse2, sse3, ssse3, sse4.1, sse4.2, popcnt, avx, clmul, erms, ht, tsc, tscinvbit, tscinv

/proc/cpuinfo:
processor	: 0
vendor_id	: GenuineIntel
cpu family	: 6
model		: 58
model name	: Intel(R) Core(TM) i3-3220 CPU @ 3.30GHz
stepping	: 9
microcode	: 0x16
cpu MHz		: 1955.329
cache size	: 3072 KB
physical id	: 0
siblings	: 4
core id		: 0
cpu cores	: 2
apicid		: 0
initial apicid	: 0
fpu		: yes
fpu_exception	: yes
cpuid level	: 13
wp		: yes
flags		: fpu vme de pse tsc msr pae mce cx8 apic sep mtrr pge mca cmov pat pse36 clflush dts acpi mmx fxsr sse sse2 ss ht tm pbe syscall nx rdtscp lm constant_tsc arch_perfmon pebs bts rep_good nopl xtopology nonstop_tsc cpuid aperfmperf pni pclmulqdq dtes64 monitor ds_cpl vmx est tm2 ssse3 cx16 xtpr pdcm pcid sse4_1 sse4_2 popcnt tsc_deadline_timer xsave avx f16c lahf_lm cpuid_fault epb pti tpr_shadow vnmi flexpriority ept vpid fsgsbase smep erms xsaveopt dtherm arat pln pts
bugs		: cpu_meltdown spectre_v1 spectre_v2
bogomips	: 6585.01
clflush size	: 64
cache_alignment	: 64
address sizes	: 36 bits physical, 48 bits virtual
power management:

processor	: 1
vendor_id	: GenuineIntel
cpu family	: 6
model		: 58
model name	: Intel(R) Core(TM) i3-3220 CPU @ 3.30GHz
stepping	: 9
microcode	: 0x16
cpu MHz		: 2639.895
cache size	: 3072 KB
physical id	: 0
siblings	: 4
core id		: 1
cpu cores	: 2
apicid		: 2
initial apicid	: 2
fpu		: yes
fpu_exception	: yes
cpuid level	: 13
wp		: yes
flags		: fpu vme de pse tsc msr pae mce cx8 apic sep mtrr pge mca cmov pat pse36 clflush dts acpi mmx fxsr sse sse2 ss ht tm pbe syscall nx rdtscp lm constant_tsc arch_perfmon pebs bts rep_good nopl xtopology nonstop_tsc cpuid aperfmperf pni pclmulqdq dtes64 monitor ds_cpl vmx est tm2 ssse3 cx16 xtpr pdcm pcid sse4_1 sse4_2 popcnt tsc_deadline_timer xsave avx f16c lahf_lm cpuid_fault epb pti tpr_shadow vnmi flexpriority ept vpid fsgsbase smep erms xsaveopt dtherm arat pln pts
bugs		: cpu_meltdown spectre_v1 spectre_v2
bogomips	: 6585.01
clflush size	: 64
cache_alignment	: 64
address sizes	: 36 bits physical, 48 bits virtual
power management:

processor	: 2
vendor_id	: GenuineIntel
cpu family	: 6
model		: 58
model name	: Intel(R) Core(TM) i3-3220 CPU @ 3.30GHz
stepping	: 9
microcode	: 0x16
cpu MHz		: 2385.784
cache size	: 3072 KB
physical id	: 0
siblings	: 4
core id		: 0
cpu cores	: 2
apicid		: 1
initial apicid	: 1
fpu		: yes
fpu_exception	: yes
cpuid level	: 13
wp		: yes
flags		: fpu vme de pse tsc msr pae mce cx8 apic sep mtrr pge mca cmov pat pse36 clflush dts acpi mmx fxsr sse sse2 ss ht tm pbe syscall nx rdtscp lm constant_tsc arch_perfmon pebs bts rep_good nopl xtopology nonstop_tsc cpuid aperfmperf pni pclmulqdq dtes64 monitor ds_cpl vmx est tm2 ssse3 cx16 xtpr pdcm pcid sse4_1 sse4_2 popcnt tsc_deadline_timer xsave avx f16c lahf_lm cpuid_fault epb pti tpr_shadow vnmi flexpriority ept vpid fsgsbase smep erms xsaveopt dtherm arat pln pts
bugs		: cpu_meltdown spectre_v1 spectre_v2
bogomips	: 6585.01
clflush size	: 64
cache_alignment	: 64
address sizes	: 36 bits physical, 48 bits virtual
power management:

processor	: 3
vendor_id	: GenuineIntel
cpu family	: 6
model		: 58
model name	: Intel(R) Core(TM) i3-3220 CPU @ 3.30GHz
stepping	: 9
microcode	: 0x16
cpu MHz		: 2089.055
cache size	: 3072 KB
physical id	: 0
siblings	: 4
core id		: 1
cpu cores	: 2
apicid		: 3
initial apicid	: 3
fpu		: yes
fpu_exception	: yes
cpuid level	: 13
wp		: yes
flags		: fpu vme de pse tsc msr pae mce cx8 apic sep mtrr pge mca cmov pat pse36 clflush dts acpi mmx fxsr sse sse2 ss ht tm pbe syscall nx rdtscp lm constant_tsc arch_perfmon pebs bts rep_good nopl xtopology nonstop_tsc cpuid aperfmperf pni pclmulqdq dtes64 monitor ds_cpl vmx est tm2 ssse3 cx16 xtpr pdcm pcid sse4_1 sse4_2 popcnt tsc_deadline_timer xsave avx f16c lahf_lm cpuid_fault epb pti tpr_shadow vnmi flexpriority ept vpid fsgsbase smep erms xsaveopt dtherm arat pln pts
bugs		: cpu_meltdown spectre_v1 spectre_v2
bogomips	: 6585.01
clflush size	: 64
cache_alignment	: 64
address sizes	: 36 bits physical, 48 bits virtual
power management:



Memory: 4k page, physical 8032232k(149576k free), swap 2097148k(1959932k free)

vm_info: Java HotSpot(TM) 64-Bit Server VM (25.201-b09) for linux-amd64 JRE (1.8.0_201-b09), built on Dec 15 2018 11:35:59 by "java_re" with gcc 7.3.0

time: Tue Oct 15 21:16:41 2019
timezone: WITA
elapsed time: 38404 seconds (0d 10h 40m 4s)

